"../../../Engine/Content/EditorResources/S_Actor.ubulk" 0
"../../../Engine/Content/EditorResources/S_Actor.uasset" 1
"../../../Engine/Content/EditorResources/S_Actor.uexp" 2
"../../../Engine/Content/EditorResources/S_BoxReflectionCapture.uasset" 3
"../../../Engine/Content/EditorResources/S_BoxReflectionCapture.uexp" 4
"../../../Engine/Content/EngineResources/DefaultTexture.ubulk" 5
"../../../Engine/Content/EngineResources/DefaultTexture.uasset" 6
"../../../Engine/Content/EngineResources/DefaultTexture.uexp" 7
"../../../Engine/Content/EngineResources/DefaultTextureCube.uasset" 8
"../../../Engine/Content/EngineResources/DefaultTextureCube.uexp" 9
"../../../Engine/Content/EngineResources/DefaultVolumeTexture2D.uasset" 10
"../../../Engine/Content/EngineResources/DefaultVolumeTexture2D.uexp" 11
"../../../Engine/Content/EngineResources/DefaultVolumeTexture.uasset" 12
"../../../Engine/Content/EngineResources/DefaultVolumeTexture.uexp" 13
"../../../Engine/Content/EditorResources/S_Trigger.ubulk" 14
"../../../Engine/Content/EditorResources/S_Trigger.uasset" 15
"../../../Engine/Content/EditorResources/S_Trigger.uexp" 16
"../../../Engine/Content/EditorResources/S_TriggerBox.uasset" 17
"../../../Engine/Content/EditorResources/S_TriggerBox.uexp" 18
"../../../Engine/Content/EditorResources/S_TriggerCapsule.uasset" 19
"../../../Engine/Content/EditorResources/S_TriggerCapsule.uexp" 20
"../../../Engine/Content/EditorResources/S_TriggerSphere.uasset" 21
"../../../Engine/Content/EditorResources/S_TriggerSphere.uexp" 22
"../../../Engine/Content/EngineMeshes/Sphere.ubulk" 23
"../../../Engine/Content/EngineMeshes/Sphere.uasset" 24
"../../../Engine/Content/EngineMeshes/Sphere.uexp" 25
"../../../Engine/Content/EngineResources/GradientTexture0.uasset" 26
"../../../Engine/Content/EngineResources/GradientTexture0.uexp" 27
"../../../Engine/Content/EngineResources/Black.uasset" 28
"../../../Engine/Content/EngineResources/Black.uexp" 29
"../../../Engine/Content/VREditor/LaserPointer/VR_LaserPower_01.ubulk" 30
"../../../Engine/Content/VREditor/LaserPointer/VR_LaserPower_01.uasset" 31
"../../../Engine/Content/VREditor/LaserPointer/VR_LaserPower_01.uexp" 32
"../../../Engine/Content/VREditor/TransformGizmo/TransformGizmoMaterial.uasset" 33
"../../../Engine/Content/VREditor/TransformGizmo/TransformGizmoMaterial.uexp" 34
"../../../Engine/Content/VREditor/TransformGizmo/TranslucentTransformGizmoMaterial.uasset" 35
"../../../Engine/Content/VREditor/TransformGizmo/TranslucentTransformGizmoMaterial.uexp" 36
"../../../Engine/Content/VREditor/TransformGizmo/PlaneTranslationHandle.ubulk" 37
"../../../Engine/Content/VREditor/TransformGizmo/PlaneTranslationHandle.uasset" 38
"../../../Engine/Content/VREditor/TransformGizmo/PlaneTranslationHandle.uexp" 39
"../../../Engine/Content/VREditor/TransformGizmo/BoundingBoxCorner.ubulk" 40
"../../../Engine/Content/VREditor/TransformGizmo/BoundingBoxCorner.uasset" 41
"../../../Engine/Content/VREditor/TransformGizmo/BoundingBoxCorner.uexp" 42
"../../../Engine/Content/VREditor/TransformGizmo/BoundingBoxEdge.ubulk" 43
"../../../Engine/Content/VREditor/TransformGizmo/BoundingBoxEdge.uasset" 44
"../../../Engine/Content/VREditor/TransformGizmo/BoundingBoxEdge.uexp" 45
"../../../Engine/Content/VREditor/TransformGizmo/Main.uasset" 46
"../../../Engine/Content/VREditor/TransformGizmo/Main.uexp" 47
"../../../Engine/Content/VREditor/TransformGizmo/Xray.uasset" 48
"../../../Engine/Content/VREditor/TransformGizmo/Xray.uexp" 49
"../../../Engine/Content/VREditor/TransformGizmo/SM_Sequencer_Node.ubulk" 50
"../../../Engine/Content/VREditor/TransformGizmo/SM_Sequencer_Node.uasset" 51
"../../../Engine/Content/VREditor/TransformGizmo/SM_Sequencer_Node.uexp" 52
"../../../Engine/Content/EditorMaterials/Camera/CineMat.uasset" 53
"../../../Engine/Content/EditorMaterials/Camera/CineMat.uexp" 54
"../../../Engine/Content/EditorMaterials/Camera/MI_CineMat_Rig.uasset" 55
"../../../Engine/Content/EditorMaterials/Camera/MI_CineMat_Rig.uexp" 56
"../../../Engine/Content/EditorMeshes/Camera/SM_CraneRig_Base.ubulk" 57
"../../../Engine/Content/EditorMeshes/Camera/SM_CraneRig_Base.uasset" 58
"../../../Engine/Content/EditorMeshes/Camera/SM_CraneRig_Base.uexp" 59
"../../../Engine/Content/EditorMeshes/Camera/SM_CraneRig_Arm.ubulk" 60
"../../../Engine/Content/EditorMeshes/Camera/SM_CraneRig_Arm.uasset" 61
"../../../Engine/Content/EditorMeshes/Camera/SM_CraneRig_Arm.uexp" 62
"../../../Engine/Content/EditorMeshes/Camera/SM_CraneRig_Mount.ubulk" 63
"../../../Engine/Content/EditorMeshes/Camera/SM_CraneRig_Mount.uasset" 64
"../../../Engine/Content/EditorMeshes/Camera/SM_CraneRig_Mount.uexp" 65
"../../../Engine/Content/EditorMeshes/Camera/SM_CraneRig_Body.ubulk" 66
"../../../Engine/Content/EditorMeshes/Camera/SM_CraneRig_Body.uasset" 67
"../../../Engine/Content/EditorMeshes/Camera/SM_CraneRig_Body.uexp" 68
"../../../Engine/Content/EditorMeshes/Camera/SM_RailRig_Track.ubulk" 69
"../../../Engine/Content/EditorMeshes/Camera/SM_RailRig_Track.uasset" 70
"../../../Engine/Content/EditorMeshes/Camera/SM_RailRig_Track.uexp" 71
"../../../Engine/Content/EditorMeshes/Camera/SM_RailRig_Mount.ubulk" 72
"../../../Engine/Content/EditorMeshes/Camera/SM_RailRig_Mount.uasset" 73
"../../../Engine/Content/EditorMeshes/Camera/SM_RailRig_Mount.uexp" 74
"../../../Engine/Content/EngineMaterials/T_Default_Material_Grid_M.ubulk" 75
"../../../Engine/Content/EngineMaterials/T_Default_Material_Grid_M.uasset" 76
"../../../Engine/Content/EngineMaterials/T_Default_Material_Grid_M.uexp" 77
"../../../Engine/Content/EngineMaterials/T_Default_Material_Grid_N.ubulk" 78
"../../../Engine/Content/EngineMaterials/T_Default_Material_Grid_N.uasset" 79
"../../../Engine/Content/EngineMaterials/T_Default_Material_Grid_N.uexp" 80
"../../../Engine/Content/Functions/Engine_MaterialFunctions01/Opacity/CameraDepthFade.uasset" 81
"../../../Engine/Content/Functions/Engine_MaterialFunctions01/Opacity/CameraDepthFade.uexp" 82
"../../../Engine/Content/EngineMaterials/WorldGridMaterial.uasset" 83
"../../../Engine/Content/EngineMaterials/WorldGridMaterial.uexp" 84
"../../../Engine/Content/ArtTools/RenderToTexture/Meshes/S_1_Unit_Plane.ubulk" 85
"../../../Engine/Content/ArtTools/RenderToTexture/Meshes/S_1_Unit_Plane.uasset" 86
"../../../Engine/Content/ArtTools/RenderToTexture/Meshes/S_1_Unit_Plane.uexp" 87
"../../../Engine/Content/EditorMaterials/ParticleSystems/PSysThumbnail_NoImage.ubulk" 88
"../../../Engine/Content/EditorMaterials/ParticleSystems/PSysThumbnail_NoImage.uasset" 89
"../../../Engine/Content/EditorMaterials/ParticleSystems/PSysThumbnail_NoImage.uexp" 90
"../../../Engine/Content/EditorMaterials/ParticleSystems/PSysThumbnail_OOD.ubulk" 91
"../../../Engine/Content/EditorMaterials/ParticleSystems/PSysThumbnail_OOD.uasset" 92
"../../../Engine/Content/EditorMaterials/ParticleSystems/PSysThumbnail_OOD.uexp" 93
"../../../Engine/Content/EditorLandscapeResources/SplineEditorMeshMat.uasset" 94
"../../../Engine/Content/EditorLandscapeResources/SplineEditorMeshMat.uexp" 95
"../../../Engine/Content/EditorLandscapeResources/SplineEditorMesh.ubulk" 96
"../../../Engine/Content/EditorLandscapeResources/SplineEditorMesh.uasset" 97
"../../../Engine/Content/EditorLandscapeResources/SplineEditorMesh.uexp" 98
"../../../Engine/Content/EditorMeshes/EditorSphere.ubulk" 99
"../../../Engine/Content/EditorMeshes/EditorSphere.uasset" 100
"../../../Engine/Content/EditorMeshes/EditorSphere.uexp" 101
"../../../Engine/Content/EditorResources/S_Solver.ubulk" 102
"../../../Engine/Content/EditorResources/S_Solver.uasset" 103
"../../../Engine/Content/EditorResources/S_Solver.uexp" 104
"../../../Engine/Plugins/Media/MediaPlate/Content/SM_MediaPlateScreen.ubulk" 105
"../../../Engine/Plugins/Media/MediaPlate/Content/SM_MediaPlateScreen.uasset" 106
"../../../Engine/Plugins/Media/MediaPlate/Content/SM_MediaPlateScreen.uexp" 107
"../../../Engine/Content/EngineMaterials/Good64x64TilingNoiseHighFreq.uasset" 108
"../../../Engine/Content/EngineMaterials/Good64x64TilingNoiseHighFreq.uexp" 109
"../../../Engine/Content/EngineMaterials/DefaultBokeh.uasset" 110
"../../../Engine/Content/EngineMaterials/DefaultBokeh.uexp" 111
"../../../Engine/Content/EngineMaterials/PreintegratedSkinBRDF.uasset" 112
"../../../Engine/Content/EngineMaterials/PreintegratedSkinBRDF.uexp" 113
"../../../Engine/Content/EngineMaterials/MiniFont.uasset" 114
"../../../Engine/Content/EngineMaterials/MiniFont.uexp" 115
"../../../Engine/Content/EngineMaterials/WeightMapPlaceholderTexture.uasset" 116
"../../../Engine/Content/EngineMaterials/WeightMapPlaceholderTexture.uexp" 117
"../../../Engine/Content/EngineMaterials/DefaultWhiteGrid.ubulk" 118
"../../../Engine/Content/EngineMaterials/DefaultWhiteGrid.uasset" 119
"../../../Engine/Content/EngineMaterials/DefaultWhiteGrid.uexp" 120
"../../../Engine/Content/Functions/Engine_MaterialFunctions01/Shading/PowerToRoughness.uasset" 121
"../../../Engine/Content/Functions/Engine_MaterialFunctions01/Shading/PowerToRoughness.uexp" 122
"../../../Engine/Content/EngineSounds/Master.uasset" 123
"../../../Engine/Content/EngineSounds/Master.uexp" 124
"../../../Engine/Content/EngineSky/VolumetricClouds/CloudWeatherTexture.uasset" 125
"../../../Engine/Content/EngineSky/VolumetricClouds/CloudWeatherTexture.uexp" 126
"../../../Engine/Content/Functions/Engine_MaterialFunctions02/Utility/MakeFloat2.uasset" 127
"../../../Engine/Content/Functions/Engine_MaterialFunctions02/Utility/MakeFloat2.uexp" 128
"../../../Engine/Content/EngineSky/VolumetricClouds/CloudGradientTexture.uasset" 129
"../../../Engine/Content/EngineSky/VolumetricClouds/CloudGradientTexture.uexp" 130
"../../../Engine/Content/EngineSky/VolumetricClouds/T_NoiseShape64.ubulk" 131
"../../../Engine/Content/EngineSky/VolumetricClouds/T_NoiseShape64.uasset" 132
"../../../Engine/Content/EngineSky/VolumetricClouds/T_NoiseShape64.uexp" 133
"../../../Engine/Content/EngineSky/VolumetricClouds/T_VolumeNoiseShape64.uasset" 134
"../../../Engine/Content/EngineSky/VolumetricClouds/T_VolumeNoiseShape64.uexp" 135
"../../../Engine/Content/EngineSky/VolumetricClouds/T_NoiseErosion.ubulk" 136
"../../../Engine/Content/EngineSky/VolumetricClouds/T_NoiseErosion.uasset" 137
"../../../Engine/Content/EngineSky/VolumetricClouds/T_NoiseErosion.uexp" 138
"../../../Engine/Content/EngineSky/VolumetricClouds/T_VolumeNoiseErosion32.uasset" 139
"../../../Engine/Content/EngineSky/VolumetricClouds/T_VolumeNoiseErosion32.uexp" 140
"../../../Engine/Content/EngineSky/VolumetricClouds/m_SimpleVolumetricCloud.uasset" 141
"../../../Engine/Content/EngineSky/VolumetricClouds/m_SimpleVolumetricCloud.uexp" 142
"../../../Engine/Content/EngineSky/VolumetricClouds/m_SimpleVolumetricCloud_Inst.uasset" 143
"../../../Engine/Content/EngineSky/VolumetricClouds/m_SimpleVolumetricCloud_Inst.uexp" 144
"../../../Engine/Content/EngineResources/FilmGrains/Marcie_Grain_v3_128_M2_000.uasset" 145
"../../../Engine/Content/EngineResources/FilmGrains/Marcie_Grain_v3_128_M2_000.uexp" 146
"../../../Engine/Content/EngineResources/WhiteSquareTexture.uasset" 147
"../../../Engine/Content/EngineResources/WhiteSquareTexture.uexp" 148
"../../../Engine/Content/EngineMaterials/Widget3DPassThrough.uasset" 149
"../../../Engine/Content/EngineMaterials/Widget3DPassThrough.uexp" 150
"../../../Engine/Content/EngineMaterials/Widget3DPassThrough_Translucent.uasset" 151
"../../../Engine/Content/EngineMaterials/Widget3DPassThrough_Translucent.uexp" 152
"../../../Engine/Content/EngineMaterials/Widget3DPassThrough_Translucent_OneSided.uasset" 153
"../../../Engine/Content/EngineMaterials/Widget3DPassThrough_Translucent_OneSided.uexp" 154
"../../../Engine/Content/EngineMaterials/Widget3DPassThrough_Opaque.uasset" 155
"../../../Engine/Content/EngineMaterials/Widget3DPassThrough_Opaque.uexp" 156
"../../../Engine/Content/EngineMaterials/Widget3DPassThrough_Opaque_OneSided.uasset" 157
"../../../Engine/Content/EngineMaterials/Widget3DPassThrough_Opaque_OneSided.uexp" 158
"../../../Engine/Content/EngineMaterials/Widget3DPassThrough_Masked_OneSided.uasset" 159
"../../../Engine/Content/EngineMaterials/Widget3DPassThrough_Masked_OneSided.uexp" 160
"../../../Engine/Content/EngineMaterials/Widget3DPassThrough_Masked.uasset" 161
"../../../Engine/Content/EngineMaterials/Widget3DPassThrough_Masked.uexp" 162
"../../../Engine/Content/EngineMaterials/STBlueNoise_vec2_128x128x64.uasset" 163
"../../../Engine/Content/EngineMaterials/STBlueNoise_vec2_128x128x64.uexp" 164
"../../../Engine/Content/EngineMaterials/STBlueNoise_scalar_128x128x64.uasset" 165
"../../../Engine/Content/EngineMaterials/STBlueNoise_scalar_128x128x64.uexp" 166
"../../../Engine/Content/EngineMaterials/RemoveSurfaceMaterial.uasset" 167
"../../../Engine/Content/EngineMaterials/RemoveSurfaceMaterial.uexp" 168
"../../../Engine/Content/EngineMaterials/DefaultCalibrationGrayscale.uasset" 169
"../../../Engine/Content/EngineMaterials/DefaultCalibrationGrayscale.uexp" 170
"../../../Engine/Content/EngineMaterials/PPM_DefaultCalibrationGrayscale.uasset" 171
"../../../Engine/Content/EngineMaterials/PPM_DefaultCalibrationGrayscale.uexp" 172
"../../../Engine/Content/EngineMaterials/DefaultCalibrationColor.uasset" 173
"../../../Engine/Content/EngineMaterials/DefaultCalibrationColor.uexp" 174
"../../../Engine/Content/EngineMaterials/PPM_DefaultCalibrationColor.uasset" 175
"../../../Engine/Content/EngineMaterials/PPM_DefaultCalibrationColor.uexp" 176
"../../../Engine/Content/Functions/Engine_MaterialFunctions02/WorldPositionOffset/CameraOffset.uasset" 177
"../../../Engine/Content/Functions/Engine_MaterialFunctions02/WorldPositionOffset/CameraOffset.uexp" 178
"../../../Engine/Content/EngineMaterials/PhAT_JointLimitMaterial.uasset" 179
"../../../Engine/Content/EngineMaterials/PhAT_JointLimitMaterial.uexp" 180
"../../../Engine/Content/EngineMaterials/InvalidLightmapSettings.ubulk" 181
"../../../Engine/Content/EngineMaterials/InvalidLightmapSettings.uasset" 182
"../../../Engine/Content/EngineMaterials/InvalidLightmapSettings.uexp" 183
"../../../Engine/Content/EngineMaterials/M_InvalidLightmapSettings.uasset" 184
"../../../Engine/Content/EngineMaterials/M_InvalidLightmapSettings.uexp" 185
"../../../Engine/Content/EngineMaterials/GizmoMaterial.uasset" 186
"../../../Engine/Content/EngineMaterials/GizmoMaterial.uexp" 187
"../../../Engine/Content/EngineMaterials/BaseFlattenEmissiveMap_VT.uasset" 188
"../../../Engine/Content/EngineMaterials/BaseFlattenEmissiveMap_VT.uexp" 189
"../../../Engine/Content/EngineMaterials/BaseFlattenGrayscaleMap_VT.uasset" 190
"../../../Engine/Content/EngineMaterials/BaseFlattenGrayscaleMap_VT.uexp" 191
"../../../Engine/Content/EngineMaterials/BaseFlattenLinearColor_VT.uasset" 192
"../../../Engine/Content/EngineMaterials/BaseFlattenLinearColor_VT.uexp" 193
"../../../Engine/Content/EngineMaterials/Black_1x1_EXR_Texture_VT.uasset" 194
"../../../Engine/Content/EngineMaterials/Black_1x1_EXR_Texture_VT.uexp" 195
"../../../Engine/Content/EngineMaterials/BaseFlattenDiffuseMap_VT.uasset" 196
"../../../Engine/Content/EngineMaterials/BaseFlattenDiffuseMap_VT.uexp" 197
"../../../Engine/Content/EngineMaterials/BaseFlattenNormalMap_VT.uasset" 198
"../../../Engine/Content/EngineMaterials/BaseFlattenNormalMap_VT.uexp" 199
"../../../Engine/Content/EngineMaterials/FlattenMaterial_WS_Normal_VT.uasset" 200
"../../../Engine/Content/EngineMaterials/FlattenMaterial_WS_Normal_VT.uexp" 201
"../../../Engine/Content/EngineMaterials/FlattenMaterial_VT.uasset" 202
"../../../Engine/Content/EngineMaterials/FlattenMaterial_VT.uexp" 203
"../../../Engine/Content/EngineMaterials/BaseFlattenNormalMap.uasset" 204
"../../../Engine/Content/EngineMaterials/BaseFlattenNormalMap.uexp" 205
"../../../Engine/Content/EngineMaterials/BaseFlattenGrayscaleMap.uasset" 206
"../../../Engine/Content/EngineMaterials/BaseFlattenGrayscaleMap.uexp" 207
"../../../Engine/Content/EngineMaterials/BaseFlattenDiffuseMap.uasset" 208
"../../../Engine/Content/EngineMaterials/BaseFlattenDiffuseMap.uexp" 209
"../../../Engine/Content/Functions/Engine_MaterialFunctions02/PivotPainter2/Black_1x1_EXR_Texture.uasset" 210
"../../../Engine/Content/Functions/Engine_MaterialFunctions02/PivotPainter2/Black_1x1_EXR_Texture.uexp" 211
"../../../Engine/Content/EngineMaterials/BaseFlattenEmissiveMap.uasset" 212
"../../../Engine/Content/EngineMaterials/BaseFlattenEmissiveMap.uexp" 213
"../../../Engine/Content/EngineMaterials/BaseFlattenLinearColor.uasset" 214
"../../../Engine/Content/EngineMaterials/BaseFlattenLinearColor.uexp" 215
"../../../Engine/Content/EngineMaterials/FlattenMaterial.uasset" 216
"../../../Engine/Content/EngineMaterials/FlattenMaterial.uexp" 217
"../../../Engine/Content/EngineMaterials/DefaultWhiteGrid_Low.uasset" 218
"../../../Engine/Content/EngineMaterials/DefaultWhiteGrid_Low.uexp" 219
"../../../Engine/Content/EngineMaterials/EmissiveMeshMaterial.uasset" 220
"../../../Engine/Content/EngineMaterials/EmissiveMeshMaterial.uexp" 221
"../../../Engine/Content/EngineFonts/RobotoDistanceField.uasset" 222
"../../../Engine/Content/EngineFonts/RobotoDistanceField.uexp" 223
"../../../Engine/Content/EngineMaterials/DefaultTextMaterialOpaque.uasset" 224
"../../../Engine/Content/EngineMaterials/DefaultTextMaterialOpaque.uexp" 225
"../../../Engine/Content/EngineMaterials/DefaultDiffuse.ubulk" 226
"../../../Engine/Content/EngineMaterials/DefaultDiffuse.uasset" 227
"../../../Engine/Content/EngineMaterials/DefaultDiffuse.uexp" 228
"../../../Engine/Content/Functions/Engine_MaterialFunctions02/Utility/BreakOutFloat2Components.uasset" 229
"../../../Engine/Content/Functions/Engine_MaterialFunctions02/Utility/BreakOutFloat2Components.uexp" 230
"../../../Engine/Content/EngineMaterials/DefaultPostProcessMaterial.uasset" 231
"../../../Engine/Content/EngineMaterials/DefaultPostProcessMaterial.uexp" 232
"../../../Engine/Content/EngineMaterials/DefaultPhysicalMaterial.uasset" 233
"../../../Engine/Content/EngineMaterials/DefaultPhysicalMaterial.uexp" 234
"../../../Engine/Content/EngineMaterials/DefaultLightFunctionMaterial.uasset" 235
"../../../Engine/Content/EngineMaterials/DefaultLightFunctionMaterial.uexp" 236
"../../../Engine/Content/EngineMaterials/DefaultDestructiblePhysicalMaterial.uasset" 237
"../../../Engine/Content/EngineMaterials/DefaultDestructiblePhysicalMaterial.uexp" 238
"../../../Engine/Content/EngineMaterials/DefaultDeferredDecalMaterial.uasset" 239
"../../../Engine/Content/EngineMaterials/DefaultDeferredDecalMaterial.uexp" 240
"../../../Engine/Content/EngineMaterials/DefaultBloomKernel.uasset" 241
"../../../Engine/Content/EngineMaterials/DefaultBloomKernel.uexp" 242
"../../../Engine/Content/EngineFonts/Faces/RobotoLight.uexp" 243
"../../../Engine/Content/EngineFonts/Faces/RobotoLight.uasset" 244
"../../../Engine/Content/EngineFonts/Faces/RobotoLight.ufont" 245
"../../../Engine/Content/EngineFonts/Faces/RobotoBold.uexp" 246
"../../../Engine/Content/EngineFonts/Faces/RobotoBold.uasset" 247
"../../../Engine/Content/EngineFonts/Faces/RobotoBold.ufont" 248
"../../../Engine/Content/EngineFonts/Faces/RobotoRegular.uexp" 249
"../../../Engine/Content/EngineFonts/Faces/RobotoRegular.uasset" 250
"../../../Engine/Content/EngineFonts/Faces/RobotoRegular.ufont" 251
"../../../Engine/Content/EngineFonts/Faces/DroidSansFallback.uexp" 252
"../../../Engine/Content/EngineFonts/Faces/DroidSansFallback.uasset" 253
"../../../Engine/Content/EngineFonts/Faces/DroidSansFallback.ufont" 254
"../../../Engine/Content/EngineFonts/Faces/RobotoItalic.uexp" 255
"../../../Engine/Content/EngineFonts/Faces/RobotoItalic.uasset" 256
"../../../Engine/Content/EngineFonts/Faces/RobotoItalic.ufont" 257
"../../../Engine/Content/EngineFonts/Faces/RobotoBoldItalic.uexp" 258
"../../../Engine/Content/EngineFonts/Faces/RobotoBoldItalic.uasset" 259
"../../../Engine/Content/EngineFonts/Faces/RobotoBoldItalic.ufont" 260
"../../../Engine/Content/EngineFonts/Roboto.uasset" 261
"../../../Engine/Content/EngineFonts/Roboto.uexp" 262
"../../../Engine/Content/Functions/Engine_MaterialFunctions02/Utility/CameraDirectionVector.uasset" 263
"../../../Engine/Content/Functions/Engine_MaterialFunctions02/Utility/CameraDirectionVector.uexp" 264
"../../../Engine/Content/EngineDebugMaterials/VolumeToRender.uasset" 265
"../../../Engine/Content/EngineDebugMaterials/VolumeToRender.uexp" 266
"../../../Engine/Content/EngineDebugMaterials/M_VolumeRenderSphereTracePP.uasset" 267
"../../../Engine/Content/EngineDebugMaterials/M_VolumeRenderSphereTracePP.uexp" 268
"../../../Engine/Content/EngineDebugMaterials/M_SimpleUnlitTranslucent.uasset" 269
"../../../Engine/Content/EngineDebugMaterials/M_SimpleUnlitTranslucent.uexp" 270
"../../../Engine/Content/EngineDebugMaterials/DebugMeshMaterial.uasset" 271
"../../../Engine/Content/EngineDebugMaterials/DebugMeshMaterial.uexp" 272
"../../../Engine/Content/EngineDebugMaterials/DebugEditorMaterial.uasset" 273
"../../../Engine/Content/EngineDebugMaterials/DebugEditorMaterial.uexp" 274
"../../../Engine/Content/EngineDamageTypes/DmgTypeBP_Environmental.uasset" 275
"../../../Engine/Content/EngineDamageTypes/DmgTypeBP_Environmental.uexp" 276
"../../../Engine/Content/EditorResources/S_Terrain.ubulk" 277
"../../../Engine/Content/EditorResources/S_Terrain.uasset" 278
"../../../Engine/Content/EditorResources/S_Terrain.uexp" 279
"../../../Engine/Content/EditorResources/EmptyActor.uasset" 280
"../../../Engine/Content/EditorResources/EmptyActor.uexp" 281
"../../../Engine/Content/EditorResources/BSPVertex.uasset" 282
"../../../Engine/Content/EditorResources/BSPVertex.uexp" 283
"../../../Engine/Content/EditorResources/SequenceRecorder/RecordingIndicator.uasset" 284
"../../../Engine/Content/EditorResources/SequenceRecorder/RecordingIndicator.uexp" 285
"../../../Engine/Content/EditorResources/SequenceRecorder/Countdown.uasset" 286
"../../../Engine/Content/EditorResources/SequenceRecorder/Countdown.uexp" 287
"../../../Engine/Content/EditorResources/LightIcons/S_LightError.uasset" 288
"../../../Engine/Content/EditorResources/LightIcons/S_LightError.uexp" 289
"../../../Engine/Content/EditorMaterials/PreviewShadowIndicator.ubulk" 290
"../../../Engine/Content/EditorMaterials/PreviewShadowIndicator.uasset" 291
"../../../Engine/Content/EditorMaterials/PreviewShadowIndicator.uexp" 292
"../../../Engine/Content/EditorMaterials/PreviewShadowIndicatorMaterial.uasset" 293
"../../../Engine/Content/EditorMaterials/PreviewShadowIndicatorMaterial.uexp" 294
"../../../Engine/Content/EditorMaterials/PhAT_UnselectedMaterial.uasset" 295
"../../../Engine/Content/EditorMaterials/PhAT_UnselectedMaterial.uexp" 296
"../../../Engine/Content/EditorMaterials/PhAT_NoCollisionMaterial.uasset" 297
"../../../Engine/Content/EditorMaterials/PhAT_NoCollisionMaterial.uexp" 298
"../../../Engine/Content/Functions/Engine_MaterialFunctions02/Utility/MakeFloat4.uasset" 299
"../../../Engine/Content/Functions/Engine_MaterialFunctions02/Utility/MakeFloat4.uexp" 300
"../../../Engine/Content/Functions/Engine_MaterialFunctions02/Utility/MakeFloat3.uasset" 301
"../../../Engine/Content/Functions/Engine_MaterialFunctions02/Utility/MakeFloat3.uexp" 302
"../../../Engine/Content/Functions/Engine_MaterialFunctions02/Utility/BreakOutFloat3Components.uasset" 303
"../../../Engine/Content/Functions/Engine_MaterialFunctions02/Utility/BreakOutFloat3Components.uexp" 304
"../../../Engine/Content/EditorMaterials/WorldPartition/WorldPartitionSpatialHashGridPreviewMaterial.uasset" 305
"../../../Engine/Content/EditorMaterials/WorldPartition/WorldPartitionSpatialHashGridPreviewMaterial.uexp" 306
"../../../Engine/Content/EditorLandscapeResources/DefaultAlphaTexture.uasset" 307
"../../../Engine/Content/EditorLandscapeResources/DefaultAlphaTexture.uexp" 308
"../../../Engine/Content/EditorLandscapeResources/DataLayer.uasset" 309
"../../../Engine/Content/EditorLandscapeResources/DataLayer.uexp" 310
"../../../Engine/Content/BasicShapes/Plane.ubulk" 311
"../../../Engine/Content/BasicShapes/Plane.uasset" 312
"../../../Engine/Content/BasicShapes/Plane.uexp" 313
"../../../Engine/Content/EngineMaterials/DefaultMaterial.uasset" 314
"../../../Engine/Content/EngineMaterials/DefaultMaterial.uexp" 315
"../../../Engine/Content/BasicShapes/Cone.ubulk" 316
"../../../Engine/Content/BasicShapes/Cone.uasset" 317
"../../../Engine/Content/BasicShapes/Cone.uexp" 318
"../../../Engine/Content/Animation/DefaultRecorderBoneCompression.uasset" 319
"../../../Engine/Content/Animation/DefaultRecorderBoneCompression.uexp" 320
"../../../Engine/Content/Animation/DefaultAnimCurveCompressionSettings.uasset" 321
"../../../Engine/Content/Animation/DefaultAnimCurveCompressionSettings.uexp" 322
"../../../Engine/Content/Animation/DefaultAnimBoneCompressionSettings.uasset" 323
"../../../Engine/Content/Animation/DefaultAnimBoneCompressionSettings.uexp" 324
"../../../Engine/Plugins/Runtime/MeshModelingToolset/Content/Materials/M_DynamicMeshComponentVtxColor.uasset" 325
"../../../Engine/Plugins/Runtime/MeshModelingToolset/Content/Materials/M_DynamicMeshComponentVtxColor.uexp" 326
"../../../Engine/Plugins/Interchange/Runtime/Content/Pipelines/DefaultTexturePipeline.uasset" 327
"../../../Engine/Plugins/Interchange/Runtime/Content/Pipelines/DefaultTexturePipeline.uexp" 328
"../../../Engine/Plugins/Interchange/Runtime/Content/Pipelines/DefaultSceneLevelPipeline.uasset" 329
"../../../Engine/Plugins/Interchange/Runtime/Content/Pipelines/DefaultSceneLevelPipeline.uexp" 330
"../../../Engine/Plugins/Interchange/Runtime/Content/Pipelines/DefaultSceneAssetsPipeline.uasset" 331
"../../../Engine/Plugins/Interchange/Runtime/Content/Pipelines/DefaultSceneAssetsPipeline.uexp" 332
"../../../Engine/Plugins/Interchange/Runtime/Content/Pipelines/DefaultMaterialPipeline.uasset" 333
"../../../Engine/Plugins/Interchange/Runtime/Content/Pipelines/DefaultMaterialPipeline.uexp" 334
"../../../Engine/Plugins/Interchange/Runtime/Content/Pipelines/DefaultAssetsPipeline.uasset" 335
"../../../Engine/Plugins/Interchange/Runtime/Content/Pipelines/DefaultAssetsPipeline.uexp" 336
"../../../Engine/Plugins/Interchange/Runtime/Content/Materials/UnlitMaterial.uasset" 337
"../../../Engine/Plugins/Interchange/Runtime/Content/Materials/UnlitMaterial.uexp" 338
"../../../Engine/Content/EngineMaterials/DefaultNormal.ubulk" 339
"../../../Engine/Content/EngineMaterials/DefaultNormal.uasset" 340
"../../../Engine/Content/EngineMaterials/DefaultNormal.uexp" 341
"../../../Engine/Plugins/Interchange/Runtime/Content/Materials/MapOrScalarFunction.uasset" 342
"../../../Engine/Plugins/Interchange/Runtime/Content/Materials/MapOrScalarFunction.uexp" 343
"../../../Engine/Plugins/Interchange/Runtime/Content/Materials/MapOrLinearColorFunction.uasset" 344
"../../../Engine/Plugins/Interchange/Runtime/Content/Materials/MapOrLinearColorFunction.uexp" 345
"../../../Engine/Plugins/Interchange/Runtime/Content/Materials/MapOrColorFunction.uasset" 346
"../../../Engine/Plugins/Interchange/Runtime/Content/Materials/MapOrColorFunction.uexp" 347
"../../../Engine/Plugins/Interchange/Runtime/Content/Materials/CommonMaterial.uasset" 348
"../../../Engine/Plugins/Interchange/Runtime/Content/Materials/CommonMaterial.uexp" 349
"../../../Engine/Plugins/Interchange/Runtime/Content/Materials/PBRSurfaceFunction.uasset" 350
"../../../Engine/Plugins/Interchange/Runtime/Content/Materials/PBRSurfaceFunction.uexp" 351
"../../../Engine/Plugins/Interchange/Runtime/Content/Materials/ThinTranslucentMaterial.uasset" 352
"../../../Engine/Plugins/Interchange/Runtime/Content/Materials/ThinTranslucentMaterial.uexp" 353
"../../../Engine/Plugins/Interchange/Runtime/Content/Materials/SubsurfaceMaterial.uasset" 354
"../../../Engine/Plugins/Interchange/Runtime/Content/Materials/SubsurfaceMaterial.uexp" 355
"../../../Engine/Plugins/Interchange/Runtime/Content/Materials/SheenMaterial.uasset" 356
"../../../Engine/Plugins/Interchange/Runtime/Content/Materials/SheenMaterial.uexp" 357
"../../../Engine/Content/Functions/Engine_MaterialFunctions01/Shading/ConvertFromDiffSpec.uasset" 358
"../../../Engine/Content/Functions/Engine_MaterialFunctions01/Shading/ConvertFromDiffSpec.uexp" 359
"../../../Engine/Plugins/Interchange/Runtime/Content/Materials/PhongSurfaceMaterial.uasset" 360
"../../../Engine/Plugins/Interchange/Runtime/Content/Materials/PhongSurfaceMaterial.uexp" 361
"../../../Engine/Plugins/Interchange/Runtime/Content/Materials/PBRSurfaceMaterial.uasset" 362
"../../../Engine/Plugins/Interchange/Runtime/Content/Materials/PBRSurfaceMaterial.uexp" 363
"../../../Engine/Content/EngineMaterials/FlatNormal.uasset" 364
"../../../Engine/Content/EngineMaterials/FlatNormal.uexp" 365
"../../../Engine/Plugins/Interchange/Runtime/Content/Functions/MF_OrenNayerView.uasset" 366
"../../../Engine/Plugins/Interchange/Runtime/Content/Functions/MF_OrenNayerView.uexp" 367
"../../../Engine/Content/EditorLandscapeResources/WhiteSquareTexture.uasset" 368
"../../../Engine/Content/EditorLandscapeResources/WhiteSquareTexture.uexp" 369
"../../../Engine/Plugins/Interchange/Runtime/Content/Functions/MF_SchlickApprox.uasset" 370
"../../../Engine/Plugins/Interchange/Runtime/Content/Functions/MF_SchlickApprox.uexp" 371
"../../../Engine/Plugins/Interchange/Runtime/Content/Utilities/New_LUT.uasset" 372
"../../../Engine/Plugins/Interchange/Runtime/Content/Utilities/New_LUT.uexp" 373
"../../../Engine/Content/Functions/Engine_MaterialFunctions03/Math/RemapValueRange.uasset" 374
"../../../Engine/Content/Functions/Engine_MaterialFunctions03/Math/RemapValueRange.uexp" 375
"../../../Engine/Plugins/Interchange/Runtime/Content/Functions/MF_Iridescence.uasset" 376
"../../../Engine/Plugins/Interchange/Runtime/Content/Functions/MF_Iridescence.uexp" 377
"../../../Engine/Plugins/Interchange/Runtime/Content/Materials/OrenNayerMaterial.uasset" 378
"../../../Engine/Plugins/Interchange/Runtime/Content/Materials/OrenNayerMaterial.uexp" 379
"../../../Engine/Plugins/Interchange/Runtime/Content/Materials/LambertSurfaceMaterial.uasset" 380
"../../../Engine/Plugins/Interchange/Runtime/Content/Materials/LambertSurfaceMaterial.uexp" 381
"../../../Engine/Plugins/Interchange/Runtime/Content/Materials/ClearCoatMaterial.uasset" 382
"../../../Engine/Plugins/Interchange/Runtime/Content/Materials/ClearCoatMaterial.uexp" 383
"../../../Engine/Plugins/Interchange/Runtime/Content/gltf/Textures/T_Gray_Linear.uasset" 384
"../../../Engine/Plugins/Interchange/Runtime/Content/gltf/Textures/T_Gray_Linear.uexp" 385
"../../../Engine/Plugins/Interchange/Runtime/Content/gltf/Textures/T_Black_srgb.uasset" 386
"../../../Engine/Plugins/Interchange/Runtime/Content/gltf/Textures/T_Black_srgb.uexp" 387
"../../../Engine/Plugins/Interchange/Runtime/Content/gltf/MaterialFunctions/MF_RotateV2.uasset" 388
"../../../Engine/Plugins/Interchange/Runtime/Content/gltf/MaterialFunctions/MF_RotateV2.uexp" 389
"../../../Engine/Plugins/Interchange/Runtime/Content/gltf/MaterialFunctions/MF_TransformUVs.uasset" 390
"../../../Engine/Plugins/Interchange/Runtime/Content/gltf/MaterialFunctions/MF_TransformUVs.uexp" 391
"../../../Engine/Plugins/Interchange/Runtime/Content/gltf/Textures/T_White_srgb.uasset" 392
"../../../Engine/Plugins/Interchange/Runtime/Content/gltf/Textures/T_White_srgb.uexp" 393
"../../../Engine/Plugins/Interchange/Runtime/Content/gltf/MaterialFunctions/MF_BaseColor.uasset" 394
"../../../Engine/Plugins/Interchange/Runtime/Content/gltf/MaterialFunctions/MF_BaseColor.uexp" 395
"../../../Engine/Plugins/Interchange/Runtime/Content/gltf/MaterialFunctions/MF_DiffuseSpecGloss.uasset" 396
"../../../Engine/Plugins/Interchange/Runtime/Content/gltf/MaterialFunctions/MF_DiffuseSpecGloss.uexp" 397
"../../../Engine/Plugins/Interchange/Runtime/Content/gltf/Textures/T_White_Linear.uasset" 398
"../../../Engine/Plugins/Interchange/Runtime/Content/gltf/Textures/T_White_Linear.uexp" 399
"../../../Engine/Plugins/Interchange/Runtime/Content/gltf/MaterialFunctions/MF_MetallicRoughness.uasset" 400
"../../../Engine/Plugins/Interchange/Runtime/Content/gltf/MaterialFunctions/MF_MetallicRoughness.uexp" 401
"../../../Engine/Plugins/Interchange/Runtime/Content/gltf/MaterialFunctions/MF_Transmission.uasset" 402
"../../../Engine/Plugins/Interchange/Runtime/Content/gltf/MaterialFunctions/MF_Transmission.uexp" 403
"../../../Engine/Plugins/Interchange/Runtime/Content/gltf/MaterialFunctions/MF_Occlusion.uasset" 404
"../../../Engine/Plugins/Interchange/Runtime/Content/gltf/MaterialFunctions/MF_Occlusion.uexp" 405
"../../../Engine/Content/Functions/Engine_MaterialFunctions02/Texturing/CustomRotator.uasset" 406
"../../../Engine/Content/Functions/Engine_MaterialFunctions02/Texturing/CustomRotator.uexp" 407
"../../../Engine/Content/Functions/Engine_MaterialFunctions02/Texturing/ScreenAlignedPixelToPixelUVs.uasset" 408
"../../../Engine/Content/Functions/Engine_MaterialFunctions02/Texturing/ScreenAlignedPixelToPixelUVs.uexp" 409
"../../../Engine/Plugins/Interchange/Runtime/Content/Utilities/T_Bayer64_Grayscale_64px.uasset" 410
"../../../Engine/Plugins/Interchange/Runtime/Content/Utilities/T_Bayer64_Grayscale_64px.uexp" 411
"../../../Engine/Plugins/Interchange/Runtime/Content/gltf/MaterialFunctions/MF_Temporal_Blur.uasset" 412
"../../../Engine/Plugins/Interchange/Runtime/Content/gltf/MaterialFunctions/MF_Temporal_Blur.uexp" 413
"../../../Engine/Plugins/Interchange/Runtime/Content/gltf/MaterialFunctions/MF_Specular.uasset" 414
"../../../Engine/Plugins/Interchange/Runtime/Content/gltf/MaterialFunctions/MF_Specular.uexp" 415
"../../../Engine/Plugins/Interchange/Runtime/Content/gltf/MaterialFunctions/MF_IOR.uasset" 416
"../../../Engine/Plugins/Interchange/Runtime/Content/gltf/MaterialFunctions/MF_IOR.uexp" 417
"../../../Engine/Plugins/Interchange/Runtime/Content/gltf/MaterialFunctions/MF_Fresnel_DS.uasset" 418
"../../../Engine/Plugins/Interchange/Runtime/Content/gltf/MaterialFunctions/MF_Fresnel_DS.uexp" 419
"../../../Engine/Content/Functions/Engine_MaterialFunctions01/Texturing/FlattenNormal.uasset" 420
"../../../Engine/Content/Functions/Engine_MaterialFunctions01/Texturing/FlattenNormal.uexp" 421
"../../../Engine/Content/Functions/Engine_MaterialFunctions02/Math/Transform3x3Matrix.uasset" 422
"../../../Engine/Content/Functions/Engine_MaterialFunctions02/Math/Transform3x3Matrix.uexp" 423
"../../../Engine/Plugins/Interchange/Runtime/Content/gltf/MaterialFunctions/MF_RotateNormals_TS.uasset" 424
"../../../Engine/Plugins/Interchange/Runtime/Content/gltf/MaterialFunctions/MF_RotateNormals_TS.uexp" 425
"../../../Engine/Plugins/Interchange/Runtime/Content/gltf/Textures/T_Generic_N.uasset" 426
"../../../Engine/Plugins/Interchange/Runtime/Content/gltf/Textures/T_Generic_N.uexp" 427
"../../../Engine/Plugins/Interchange/Runtime/Content/gltf/MaterialFunctions/MF_Normals.uasset" 428
"../../../Engine/Plugins/Interchange/Runtime/Content/gltf/MaterialFunctions/MF_Normals.uexp" 429
"../../../Engine/Content/Functions/Engine_MaterialFunctions02/Math/AddComponents.uasset" 430
"../../../Engine/Content/Functions/Engine_MaterialFunctions02/Math/AddComponents.uexp" 431
"../../../Engine/Plugins/Interchange/Runtime/Content/gltf/MaterialFunctions/MF_PerceivedBrightness.uasset" 432
"../../../Engine/Plugins/Interchange/Runtime/Content/gltf/MaterialFunctions/MF_PerceivedBrightness.uexp" 433
"../../../Engine/Plugins/Interchange/Runtime/Content/gltf/MaterialFunctions/MF_SpecGlossToMetalRoughness.uasset" 434
"../../../Engine/Plugins/Interchange/Runtime/Content/gltf/MaterialFunctions/MF_SpecGlossToMetalRoughness.uexp" 435
"../../../Engine/Plugins/Interchange/Runtime/Content/gltf/M_Transmission.uasset" 436
"../../../Engine/Plugins/Interchange/Runtime/Content/gltf/M_Transmission.uexp" 437
"../../../Engine/Plugins/Interchange/Runtime/Content/gltf/MaterialInstances_SG/MI_Transmission_TS.uasset" 438
"../../../Engine/Plugins/Interchange/Runtime/Content/gltf/MaterialInstances_SG/MI_Transmission_TS.uexp" 439
"../../../Engine/Plugins/Interchange/Runtime/Content/gltf/MaterialInstances_SG/MI_Transmission.uasset" 440
"../../../Engine/Plugins/Interchange/Runtime/Content/gltf/MaterialInstances_SG/MI_Transmission.uexp" 441
"../../../Engine/Plugins/Interchange/Runtime/Content/gltf/MaterialFunctions/MF_Clearcoat.uasset" 442
"../../../Engine/Plugins/Interchange/Runtime/Content/gltf/MaterialFunctions/MF_Clearcoat.uexp" 443
"../../../Engine/Plugins/Interchange/Runtime/Content/gltf/MaterialFunctions/MF_Emissive.uasset" 444
"../../../Engine/Plugins/Interchange/Runtime/Content/gltf/MaterialFunctions/MF_Emissive.uexp" 445
"../../../Engine/Plugins/Interchange/Runtime/Content/gltf/M_Translucent.uasset" 446
"../../../Engine/Plugins/Interchange/Runtime/Content/gltf/M_Translucent.uexp" 447
"../../../Engine/Plugins/Interchange/Runtime/Content/gltf/MaterialInstances_SG/MI_Translucent_TS.uasset" 448
"../../../Engine/Plugins/Interchange/Runtime/Content/gltf/MaterialInstances_SG/MI_Translucent_TS.uexp" 449
"../../../Engine/Plugins/Interchange/Runtime/Content/gltf/MaterialInstances_SG/MI_Translucent_ClearCoat_TS.uasset" 450
"../../../Engine/Plugins/Interchange/Runtime/Content/gltf/MaterialInstances_SG/MI_Translucent_ClearCoat_TS.uexp" 451
"../../../Engine/Plugins/Interchange/Runtime/Content/gltf/MaterialInstances_SG/MI_Translucent_ClearCoat.uasset" 452
"../../../Engine/Plugins/Interchange/Runtime/Content/gltf/MaterialInstances_SG/MI_Translucent_ClearCoat.uexp" 453
"../../../Engine/Plugins/Interchange/Runtime/Content/gltf/MaterialInstances_SG/MI_Translucent.uasset" 454
"../../../Engine/Plugins/Interchange/Runtime/Content/gltf/MaterialInstances_SG/MI_Translucent.uexp" 455
"../../../Engine/Plugins/Interchange/Runtime/Content/gltf/M_Opaque.uasset" 456
"../../../Engine/Plugins/Interchange/Runtime/Content/gltf/M_Opaque.uexp" 457
"../../../Engine/Plugins/Interchange/Runtime/Content/gltf/MaterialInstances_SG/MI_Opaque_TS.uasset" 458
"../../../Engine/Plugins/Interchange/Runtime/Content/gltf/MaterialInstances_SG/MI_Opaque_TS.uexp" 459
"../../../Engine/Plugins/Interchange/Runtime/Content/gltf/MaterialFunctions/MF_Sheen.uasset" 460
"../../../Engine/Plugins/Interchange/Runtime/Content/gltf/MaterialFunctions/MF_Sheen.uexp" 461
"../../../Engine/Content/Functions/Engine_MaterialFunctions01/Shading/FuzzyShading.uasset" 462
"../../../Engine/Content/Functions/Engine_MaterialFunctions01/Shading/FuzzyShading.uexp" 463
"../../../Engine/Plugins/Interchange/Runtime/Content/gltf/M_Sheen.uasset" 464
"../../../Engine/Plugins/Interchange/Runtime/Content/gltf/M_Sheen.uexp" 465
"../../../Engine/Plugins/Interchange/Runtime/Content/gltf/MaterialInstances_SG/MI_Opaque_Sheen_TS.uasset" 466
"../../../Engine/Plugins/Interchange/Runtime/Content/gltf/MaterialInstances_SG/MI_Opaque_Sheen_TS.uexp" 467
"../../../Engine/Plugins/Interchange/Runtime/Content/gltf/MaterialInstances_SG/MI_Opaque_Sheen.uasset" 468
"../../../Engine/Plugins/Interchange/Runtime/Content/gltf/MaterialInstances_SG/MI_Opaque_Sheen.uexp" 469
"../../../Engine/Plugins/Interchange/Runtime/Content/gltf/MaterialInstances_SG/MI_Opaque_ClearCoat_TS.uasset" 470
"../../../Engine/Plugins/Interchange/Runtime/Content/gltf/MaterialInstances_SG/MI_Opaque_ClearCoat_TS.uexp" 471
"../../../Engine/Plugins/Interchange/Runtime/Content/gltf/MaterialInstances_SG/MI_Opaque_ClearCoat.uasset" 472
"../../../Engine/Plugins/Interchange/Runtime/Content/gltf/MaterialInstances_SG/MI_Opaque_ClearCoat.uexp" 473
"../../../Engine/Plugins/Interchange/Runtime/Content/gltf/MaterialInstances_SG/MI_Opaque.uasset" 474
"../../../Engine/Plugins/Interchange/Runtime/Content/gltf/MaterialInstances_SG/MI_Opaque.uexp" 475
"../../../Engine/Plugins/Interchange/Runtime/Content/gltf/MaterialInstances_MR/MI_Transmission_TS.uasset" 476
"../../../Engine/Plugins/Interchange/Runtime/Content/gltf/MaterialInstances_MR/MI_Transmission_TS.uexp" 477
"../../../Engine/Plugins/Interchange/Runtime/Content/gltf/MaterialInstances_MR/MI_Transmission.uasset" 478
"../../../Engine/Plugins/Interchange/Runtime/Content/gltf/MaterialInstances_MR/MI_Transmission.uexp" 479
"../../../Engine/Plugins/Interchange/Runtime/Content/gltf/MaterialInstances_MR/MI_Translucent_TS.uasset" 480
"../../../Engine/Plugins/Interchange/Runtime/Content/gltf/MaterialInstances_MR/MI_Translucent_TS.uexp" 481
"../../../Engine/Plugins/Interchange/Runtime/Content/gltf/MaterialInstances_MR/MI_Translucent_ClearCoat_TS.uasset" 482
"../../../Engine/Plugins/Interchange/Runtime/Content/gltf/MaterialInstances_MR/MI_Translucent_ClearCoat_TS.uexp" 483
"../../../Engine/Plugins/Interchange/Runtime/Content/gltf/MaterialInstances_MR/MI_Translucent_ClearCoat.uasset" 484
"../../../Engine/Plugins/Interchange/Runtime/Content/gltf/MaterialInstances_MR/MI_Translucent_ClearCoat.uexp" 485
"../../../Engine/Plugins/Interchange/Runtime/Content/gltf/MaterialInstances_MR/MI_Translucent.uasset" 486
"../../../Engine/Plugins/Interchange/Runtime/Content/gltf/MaterialInstances_MR/MI_Translucent.uexp" 487
"../../../Engine/Plugins/Interchange/Runtime/Content/gltf/M_Unlit.uasset" 488
"../../../Engine/Plugins/Interchange/Runtime/Content/gltf/M_Unlit.uexp" 489
"../../../Engine/Plugins/Interchange/Runtime/Content/gltf/MaterialInstances_MR/MI_Opaque_Unlit_TS.uasset" 490
"../../../Engine/Plugins/Interchange/Runtime/Content/gltf/MaterialInstances_MR/MI_Opaque_Unlit_TS.uexp" 491
"../../../Engine/Plugins/Interchange/Runtime/Content/gltf/MaterialInstances_MR/MI_Opaque_Unlit.uasset" 492
"../../../Engine/Plugins/Interchange/Runtime/Content/gltf/MaterialInstances_MR/MI_Opaque_Unlit.uexp" 493
"../../../Engine/Plugins/Interchange/Runtime/Content/gltf/MaterialInstances_MR/MI_Opaque_TS.uasset" 494
"../../../Engine/Plugins/Interchange/Runtime/Content/gltf/MaterialInstances_MR/MI_Opaque_TS.uexp" 495
"../../../Engine/Plugins/Interchange/Runtime/Content/gltf/MaterialInstances_MR/MI_Opaque_Sheen_TS.uasset" 496
"../../../Engine/Plugins/Interchange/Runtime/Content/gltf/MaterialInstances_MR/MI_Opaque_Sheen_TS.uexp" 497
"../../../Engine/Plugins/Interchange/Runtime/Content/gltf/MaterialInstances_MR/MI_Opaque_Sheen.uasset" 498
"../../../Engine/Plugins/Interchange/Runtime/Content/gltf/MaterialInstances_MR/MI_Opaque_Sheen.uexp" 499
"../../../Engine/Plugins/Interchange/Runtime/Content/gltf/MaterialInstances_MR/MI_Opaque_ClearCoat_TS.uasset" 500
"../../../Engine/Plugins/Interchange/Runtime/Content/gltf/MaterialInstances_MR/MI_Opaque_ClearCoat_TS.uexp" 501
"../../../Engine/Plugins/Interchange/Runtime/Content/gltf/MaterialInstances_MR/MI_Opaque_ClearCoat.uasset" 502
"../../../Engine/Plugins/Interchange/Runtime/Content/gltf/MaterialInstances_MR/MI_Opaque_ClearCoat.uexp" 503
"../../../Engine/Plugins/Interchange/Runtime/Content/gltf/MaterialInstances_MR/MI_Opaque.uasset" 504
"../../../Engine/Plugins/Interchange/Runtime/Content/gltf/MaterialInstances_MR/MI_Opaque.uexp" 505
"../../../Engine/Content/Functions/Engine_MaterialFunctions02/Utility/VectorLength.uasset" 506
"../../../Engine/Content/Functions/Engine_MaterialFunctions02/Utility/VectorLength.uexp" 507
"../../../Engine/Content/Functions/Engine_MaterialFunctions02/WorldPositionOffset/V2/ObjectScale.uasset" 508
"../../../Engine/Content/Functions/Engine_MaterialFunctions02/WorldPositionOffset/V2/ObjectScale.uexp" 509
"../../../Engine/Content/Functions/Engine_MaterialFunctions02/ObjectLocalBounds.uasset" 510
"../../../Engine/Content/Functions/Engine_MaterialFunctions02/ObjectLocalBounds.uexp" 511
"../../../Engine/Plugins/Interchange/Runtime/Content/gltf/MaterialFunctions/MF_TransmissionOpacity.uasset" 512
"../../../Engine/Plugins/Interchange/Runtime/Content/gltf/MaterialFunctions/MF_TransmissionOpacity.uexp" 513
"../../../Engine/Plugins/Interchange/Runtime/Content/Functions/MX_Transmission.uasset" 514
"../../../Engine/Plugins/Interchange/Runtime/Content/Functions/MX_Transmission.uexp" 515
"../../../Engine/Plugins/Interchange/Runtime/Content/Functions/MX_StandardSurface.uasset" 516
"../../../Engine/Plugins/Interchange/Runtime/Content/Functions/MX_StandardSurface.uexp" 517
"../../../Engine/Plugins/Interchange/Runtime/Content/Functions/MX_TransmissionSurface.uasset" 518
"../../../Engine/Plugins/Interchange/Runtime/Content/Functions/MX_TransmissionSurface.uexp" 519
"../../../Engine/Plugins/Editor/SpeedTreeImporter/Content/SpeedTree9/game_wind_noise.ubulk" 520
"../../../Engine/Plugins/Editor/SpeedTreeImporter/Content/SpeedTree9/game_wind_noise.uasset" 521
"../../../Engine/Plugins/Editor/SpeedTreeImporter/Content/SpeedTree9/game_wind_noise.uexp" 522
"../../../Engine/Plugins/Editor/SpeedTreeImporter/Content/SpeedTree9/UnpackDirection.uasset" 523
"../../../Engine/Plugins/Editor/SpeedTreeImporter/Content/SpeedTree9/UnpackDirection.uexp" 524
"../../../Engine/Content/Functions/Engine_MaterialFunctions02/UVs/BoundingBoxBased_0-1_UVW.uasset" 525
"../../../Engine/Content/Functions/Engine_MaterialFunctions02/UVs/BoundingBoxBased_0-1_UVW.uexp" 526
"../../../Engine/Plugins/Editor/SpeedTreeImporter/Content/SpeedTree9/UnpackInteger3.uasset" 527
"../../../Engine/Plugins/Editor/SpeedTreeImporter/Content/SpeedTree9/UnpackInteger3.uexp" 528
"../../../Engine/Plugins/Editor/SpeedTreeImporter/Content/SpeedTree9/SpeedTreeCameraFacing.uasset" 529
"../../../Engine/Plugins/Editor/SpeedTreeImporter/Content/SpeedTree9/SpeedTreeCameraFacing.uexp" 530
"../../../Engine/Content/Functions/Engine_MaterialFunctions02/WorldPositionOffset/ObjectScale.uasset" 531
"../../../Engine/Content/Functions/Engine_MaterialFunctions02/WorldPositionOffset/ObjectScale.uexp" 532
"../../../Engine/Content/Functions/Engine_MaterialFunctions02/SafeNormalize.uasset" 533
"../../../Engine/Content/Functions/Engine_MaterialFunctions02/SafeNormalize.uexp" 534
"../../../Engine/Plugins/Editor/SpeedTreeImporter/Content/SpeedTree9/SpeedTreeWindMotion.uasset" 535
"../../../Engine/Plugins/Editor/SpeedTreeImporter/Content/SpeedTree9/SpeedTreeWindMotion.uexp" 536
"../../../Engine/Plugins/Editor/SpeedTreeImporter/Content/SpeedTree9/SpeedTreeBranchMotion.uasset" 537
"../../../Engine/Plugins/Editor/SpeedTreeImporter/Content/SpeedTree9/SpeedTreeBranchMotion.uexp" 538
"../../../Engine/Plugins/Editor/SpeedTreeImporter/Content/SpeedTree9/SpeedTreeWind.uasset" 539
"../../../Engine/Plugins/Editor/SpeedTreeImporter/Content/SpeedTree9/SpeedTreeWind.uexp" 540
"../../../Engine/Plugins/Editor/SpeedTreeImporter/Content/SpeedTree9/EmptyNormal.uasset" 541
"../../../Engine/Plugins/Editor/SpeedTreeImporter/Content/SpeedTree9/EmptyNormal.uexp" 542
"../../../Engine/Plugins/Editor/SpeedTreeImporter/Content/SpeedTree9/Empty.uasset" 543
"../../../Engine/Plugins/Editor/SpeedTreeImporter/Content/SpeedTree9/Empty.uexp" 544
"../../../Engine/Plugins/Editor/SpeedTreeImporter/Content/SpeedTree9/SpeedTreeMaster.uasset" 545
"../../../Engine/Plugins/Editor/SpeedTreeImporter/Content/SpeedTree9/SpeedTreeMaster.uexp" 546
"../../../Engine/Plugins/Editor/SpeedTreeImporter/Content/SpeedTree9/SpeedTreeBillboard.uasset" 547
"../../../Engine/Plugins/Editor/SpeedTreeImporter/Content/SpeedTree9/SpeedTreeBillboard.uexp" 548
"../../../Engine/Plugins/Editor/SpeedTreeImporter/Content/SpeedTree9/SpeedTreeBillboardMaster.uasset" 549
"../../../Engine/Plugins/Editor/SpeedTreeImporter/Content/SpeedTree9/SpeedTreeBillboardMaster.uexp" 550
"../../../Engine/Plugins/Animation/ControlRig/Content/M_Manip.uasset" 551
"../../../Engine/Plugins/Animation/ControlRig/Content/M_Manip.uexp" 552
"../../../Engine/Plugins/Animation/ControlRig/Content/Controls/DefaultGizmoLibraryNormalized.uasset" 553
"../../../Engine/Plugins/Animation/ControlRig/Content/Controls/DefaultGizmoLibraryNormalized.uexp" 554
"../../../Engine/Plugins/Animation/ControlRig/Content/Controls/ControlRig_Wedge_solid.ubulk" 555
"../../../Engine/Plugins/Animation/ControlRig/Content/Controls/ControlRig_Wedge_solid.uasset" 556
"../../../Engine/Plugins/Animation/ControlRig/Content/Controls/ControlRig_Wedge_solid.uexp" 557
"../../../Engine/Plugins/Animation/ControlRig/Content/Controls/ControlRig_Wedge_3mm.ubulk" 558
"../../../Engine/Plugins/Animation/ControlRig/Content/Controls/ControlRig_Wedge_3mm.uasset" 559
"../../../Engine/Plugins/Animation/ControlRig/Content/Controls/ControlRig_Wedge_3mm.uexp" 560
"../../../Engine/Plugins/Animation/ControlRig/Content/Controls/ControlRig_Wedge_1mm.ubulk" 561
"../../../Engine/Plugins/Animation/ControlRig/Content/Controls/ControlRig_Wedge_1mm.uasset" 562
"../../../Engine/Plugins/Animation/ControlRig/Content/Controls/ControlRig_Wedge_1mm.uexp" 563
"../../../Engine/Plugins/Animation/ControlRig/Content/Controls/ControlRig_Triangle_solid.ubulk" 564
"../../../Engine/Plugins/Animation/ControlRig/Content/Controls/ControlRig_Triangle_solid.uasset" 565
"../../../Engine/Plugins/Animation/ControlRig/Content/Controls/ControlRig_Triangle_solid.uexp" 566
"../../../Engine/Plugins/Animation/ControlRig/Content/Controls/ControlRig_Triangle_3mm.ubulk" 567
"../../../Engine/Plugins/Animation/ControlRig/Content/Controls/ControlRig_Triangle_3mm.uasset" 568
"../../../Engine/Plugins/Animation/ControlRig/Content/Controls/ControlRig_Triangle_3mm.uexp" 569
"../../../Engine/Plugins/Animation/ControlRig/Content/Controls/ControlRig_Triangle_1mm.ubulk" 570
"../../../Engine/Plugins/Animation/ControlRig/Content/Controls/ControlRig_Triangle_1mm.uasset" 571
"../../../Engine/Plugins/Animation/ControlRig/Content/Controls/ControlRig_Triangle_1mm.uexp" 572
"../../../Engine/Plugins/Animation/ControlRig/Content/Controls/ControlRig_Star4_solid.ubulk" 573
"../../../Engine/Plugins/Animation/ControlRig/Content/Controls/ControlRig_Star4_solid.uasset" 574
"../../../Engine/Plugins/Animation/ControlRig/Content/Controls/ControlRig_Star4_solid.uexp" 575
"../../../Engine/Plugins/Animation/ControlRig/Content/Controls/ControlRig_Star4_3mm.ubulk" 576
"../../../Engine/Plugins/Animation/ControlRig/Content/Controls/ControlRig_Star4_3mm.uasset" 577
"../../../Engine/Plugins/Animation/ControlRig/Content/Controls/ControlRig_Star4_3mm.uexp" 578
"../../../Engine/Plugins/Animation/ControlRig/Content/Controls/ControlRig_Star4_1mm.ubulk" 579
"../../../Engine/Plugins/Animation/ControlRig/Content/Controls/ControlRig_Star4_1mm.uasset" 580
"../../../Engine/Plugins/Animation/ControlRig/Content/Controls/ControlRig_Star4_1mm.uexp" 581
"../../../Engine/Plugins/Animation/ControlRig/Content/Controls/ControlRig_Square_solid.ubulk" 582
"../../../Engine/Plugins/Animation/ControlRig/Content/Controls/ControlRig_Square_solid.uasset" 583
"../../../Engine/Plugins/Animation/ControlRig/Content/Controls/ControlRig_Square_solid.uexp" 584
"../../../Engine/Plugins/Animation/ControlRig/Content/Controls/ControlRig_Square_3mm.ubulk" 585
"../../../Engine/Plugins/Animation/ControlRig/Content/Controls/ControlRig_Square_3mm.uasset" 586
"../../../Engine/Plugins/Animation/ControlRig/Content/Controls/ControlRig_Square_3mm.uexp" 587
"../../../Engine/Plugins/Animation/ControlRig/Content/Controls/ControlRig_Square_1mm.ubulk" 588
"../../../Engine/Plugins/Animation/ControlRig/Content/Controls/ControlRig_Square_1mm.uasset" 589
"../../../Engine/Plugins/Animation/ControlRig/Content/Controls/ControlRig_Square_1mm.uexp" 590
"../../../Engine/Plugins/Animation/ControlRig/Content/Controls/ControlRig_Sphere_solid.ubulk" 591
"../../../Engine/Plugins/Animation/ControlRig/Content/Controls/ControlRig_Sphere_solid.uasset" 592
"../../../Engine/Plugins/Animation/ControlRig/Content/Controls/ControlRig_Sphere_solid.uexp" 593
"../../../Engine/Plugins/Animation/ControlRig/Content/Controls/ControlRig_Sphere_3mm.ubulk" 594
"../../../Engine/Plugins/Animation/ControlRig/Content/Controls/ControlRig_Sphere_3mm.uasset" 595
"../../../Engine/Plugins/Animation/ControlRig/Content/Controls/ControlRig_Sphere_3mm.uexp" 596
"../../../Engine/Plugins/Animation/ControlRig/Content/Controls/ControlRig_Sphere_1mm.ubulk" 597
"../../../Engine/Plugins/Animation/ControlRig/Content/Controls/ControlRig_Sphere_1mm.uasset" 598
"../../../Engine/Plugins/Animation/ControlRig/Content/Controls/ControlRig_Sphere_1mm.uexp" 599
"../../../Engine/Plugins/Animation/ControlRig/Content/Controls/ControlRig_RoundedTriangle_solid.ubulk" 600
"../../../Engine/Plugins/Animation/ControlRig/Content/Controls/ControlRig_RoundedTriangle_solid.uasset" 601
"../../../Engine/Plugins/Animation/ControlRig/Content/Controls/ControlRig_RoundedTriangle_solid.uexp" 602
"../../../Engine/Plugins/Animation/ControlRig/Content/Controls/ControlRig_RoundedTriangle_3mm.ubulk" 603
"../../../Engine/Plugins/Animation/ControlRig/Content/Controls/ControlRig_RoundedTriangle_3mm.uasset" 604
"../../../Engine/Plugins/Animation/ControlRig/Content/Controls/ControlRig_RoundedTriangle_3mm.uexp" 605
"../../../Engine/Plugins/Animation/ControlRig/Content/Controls/ControlRig_RoundedTriangle_1mm.ubulk" 606
"../../../Engine/Plugins/Animation/ControlRig/Content/Controls/ControlRig_RoundedTriangle_1mm.uasset" 607
"../../../Engine/Plugins/Animation/ControlRig/Content/Controls/ControlRig_RoundedTriangle_1mm.uexp" 608
"../../../Engine/Plugins/Animation/ControlRig/Content/Controls/ControlRig_RoundedSquare_solid.ubulk" 609
"../../../Engine/Plugins/Animation/ControlRig/Content/Controls/ControlRig_RoundedSquare_solid.uasset" 610
"../../../Engine/Plugins/Animation/ControlRig/Content/Controls/ControlRig_RoundedSquare_solid.uexp" 611
"../../../Engine/Plugins/Animation/ControlRig/Content/Controls/ControlRig_RoundedSquare_3mm.ubulk" 612
"../../../Engine/Plugins/Animation/ControlRig/Content/Controls/ControlRig_RoundedSquare_3mm.uasset" 613
"../../../Engine/Plugins/Animation/ControlRig/Content/Controls/ControlRig_RoundedSquare_3mm.uexp" 614
"../../../Engine/Plugins/Animation/ControlRig/Content/Controls/ControlRig_RoundedSquare_1mm.ubulk" 615
"../../../Engine/Plugins/Animation/ControlRig/Content/Controls/ControlRig_RoundedSquare_1mm.uasset" 616
"../../../Engine/Plugins/Animation/ControlRig/Content/Controls/ControlRig_RoundedSquare_1mm.uexp" 617
"../../../Engine/Plugins/Animation/ControlRig/Content/Controls/ControlRig_QuarterCircle_solid.ubulk" 618
"../../../Engine/Plugins/Animation/ControlRig/Content/Controls/ControlRig_QuarterCircle_solid.uasset" 619
"../../../Engine/Plugins/Animation/ControlRig/Content/Controls/ControlRig_QuarterCircle_solid.uexp" 620
"../../../Engine/Plugins/Animation/ControlRig/Content/Controls/ControlRig_QuarterCircle_3mm.ubulk" 621
"../../../Engine/Plugins/Animation/ControlRig/Content/Controls/ControlRig_QuarterCircle_3mm.uasset" 622
"../../../Engine/Plugins/Animation/ControlRig/Content/Controls/ControlRig_QuarterCircle_3mm.uexp" 623
"../../../Engine/Plugins/Animation/ControlRig/Content/Controls/ControlRig_QuarterCircle_1mm.ubulk" 624
"../../../Engine/Plugins/Animation/ControlRig/Content/Controls/ControlRig_QuarterCircle_1mm.uasset" 625
"../../../Engine/Plugins/Animation/ControlRig/Content/Controls/ControlRig_QuarterCircle_1mm.uexp" 626
"../../../Engine/Plugins/Animation/ControlRig/Content/Controls/ControlRig_Pyramid_solid.ubulk" 627
"../../../Engine/Plugins/Animation/ControlRig/Content/Controls/ControlRig_Pyramid_solid.uasset" 628
"../../../Engine/Plugins/Animation/ControlRig/Content/Controls/ControlRig_Pyramid_solid.uexp" 629
"../../../Engine/Plugins/Animation/ControlRig/Content/Controls/ControlRig_Pyramid_3mm.ubulk" 630
"../../../Engine/Plugins/Animation/ControlRig/Content/Controls/ControlRig_Pyramid_3mm.uasset" 631
"../../../Engine/Plugins/Animation/ControlRig/Content/Controls/ControlRig_Pyramid_3mm.uexp" 632
"../../../Engine/Plugins/Animation/ControlRig/Content/Controls/ControlRig_Pyramid_1mm.ubulk" 633
"../../../Engine/Plugins/Animation/ControlRig/Content/Controls/ControlRig_Pyramid_1mm.uasset" 634
"../../../Engine/Plugins/Animation/ControlRig/Content/Controls/ControlRig_Pyramid_1mm.uexp" 635
"../../../Engine/Plugins/Animation/ControlRig/Content/Controls/ControlRig_Octagon_solid.ubulk" 636
"../../../Engine/Plugins/Animation/ControlRig/Content/Controls/ControlRig_Octagon_solid.uasset" 637
"../../../Engine/Plugins/Animation/ControlRig/Content/Controls/ControlRig_Octagon_solid.uexp" 638
"../../../Engine/Plugins/Animation/ControlRig/Content/Controls/ControlRig_Octagon_3mm.ubulk" 639
"../../../Engine/Plugins/Animation/ControlRig/Content/Controls/ControlRig_Octagon_3mm.uasset" 640
"../../../Engine/Plugins/Animation/ControlRig/Content/Controls/ControlRig_Octagon_3mm.uexp" 641
"../../../Engine/Plugins/Animation/ControlRig/Content/Controls/ControlRig_Octagon_1mm.ubulk" 642
"../../../Engine/Plugins/Animation/ControlRig/Content/Controls/ControlRig_Octagon_1mm.uasset" 643
"../../../Engine/Plugins/Animation/ControlRig/Content/Controls/ControlRig_Octagon_1mm.uexp" 644
"../../../Engine/Plugins/Animation/ControlRig/Content/Controls/ControlRig_Hexagon_solid.ubulk" 645
"../../../Engine/Plugins/Animation/ControlRig/Content/Controls/ControlRig_Hexagon_solid.uasset" 646
"../../../Engine/Plugins/Animation/ControlRig/Content/Controls/ControlRig_Hexagon_solid.uexp" 647
"../../../Engine/Plugins/Animation/ControlRig/Content/Controls/ControlRig_Hexagon_3mm.ubulk" 648
"../../../Engine/Plugins/Animation/ControlRig/Content/Controls/ControlRig_Hexagon_3mm.uasset" 649
"../../../Engine/Plugins/Animation/ControlRig/Content/Controls/ControlRig_Hexagon_3mm.uexp" 650
"../../../Engine/Plugins/Animation/ControlRig/Content/Controls/ControlRig_Hexagon_1mm.ubulk" 651
"../../../Engine/Plugins/Animation/ControlRig/Content/Controls/ControlRig_Hexagon_1mm.uasset" 652
"../../../Engine/Plugins/Animation/ControlRig/Content/Controls/ControlRig_Hexagon_1mm.uexp" 653
"../../../Engine/Plugins/Animation/ControlRig/Content/Controls/ControlRig_HalfCircle_solid.ubulk" 654
"../../../Engine/Plugins/Animation/ControlRig/Content/Controls/ControlRig_HalfCircle_solid.uasset" 655
"../../../Engine/Plugins/Animation/ControlRig/Content/Controls/ControlRig_HalfCircle_solid.uexp" 656
"../../../Engine/Plugins/Animation/ControlRig/Content/Controls/ControlRig_HalfCircle_3mm.ubulk" 657
"../../../Engine/Plugins/Animation/ControlRig/Content/Controls/ControlRig_HalfCircle_3mm.uasset" 658
"../../../Engine/Plugins/Animation/ControlRig/Content/Controls/ControlRig_HalfCircle_3mm.uexp" 659
"../../../Engine/Plugins/Animation/ControlRig/Content/Controls/ControlRig_HalfCircle_1mm.ubulk" 660
"../../../Engine/Plugins/Animation/ControlRig/Content/Controls/ControlRig_HalfCircle_1mm.uasset" 661
"../../../Engine/Plugins/Animation/ControlRig/Content/Controls/ControlRig_HalfCircle_1mm.uexp" 662
"../../../Engine/Plugins/Animation/ControlRig/Content/Controls/ControlRig_Diamond_solid.ubulk" 663
"../../../Engine/Plugins/Animation/ControlRig/Content/Controls/ControlRig_Diamond_solid.uasset" 664
"../../../Engine/Plugins/Animation/ControlRig/Content/Controls/ControlRig_Diamond_solid.uexp" 665
"../../../Engine/Plugins/Animation/ControlRig/Content/Controls/ControlRig_Diamond_3mm.ubulk" 666
"../../../Engine/Plugins/Animation/ControlRig/Content/Controls/ControlRig_Diamond_3mm.uasset" 667
"../../../Engine/Plugins/Animation/ControlRig/Content/Controls/ControlRig_Diamond_3mm.uexp" 668
"../../../Engine/Plugins/Animation/ControlRig/Content/Controls/ControlRig_Diamond_1mm.ubulk" 669
"../../../Engine/Plugins/Animation/ControlRig/Content/Controls/ControlRig_Diamond_1mm.uasset" 670
"../../../Engine/Plugins/Animation/ControlRig/Content/Controls/ControlRig_Diamond_1mm.uexp" 671
"../../../Engine/Plugins/Animation/ControlRig/Content/Controls/ControlRig_Circle_solid.ubulk" 672
"../../../Engine/Plugins/Animation/ControlRig/Content/Controls/ControlRig_Circle_solid.uasset" 673
"../../../Engine/Plugins/Animation/ControlRig/Content/Controls/ControlRig_Circle_solid.uexp" 674
"../../../Engine/Plugins/Animation/ControlRig/Content/Controls/ControlRig_Circle_3mm.ubulk" 675
"../../../Engine/Plugins/Animation/ControlRig/Content/Controls/ControlRig_Circle_3mm.uasset" 676
"../../../Engine/Plugins/Animation/ControlRig/Content/Controls/ControlRig_Circle_3mm.uexp" 677
"../../../Engine/Plugins/Animation/ControlRig/Content/Controls/ControlRig_Circle_1mm.ubulk" 678
"../../../Engine/Plugins/Animation/ControlRig/Content/Controls/ControlRig_Circle_1mm.uasset" 679
"../../../Engine/Plugins/Animation/ControlRig/Content/Controls/ControlRig_Circle_1mm.uexp" 680
"../../../Engine/Plugins/Animation/ControlRig/Content/Controls/ControlRig_Box_solid.ubulk" 681
"../../../Engine/Plugins/Animation/ControlRig/Content/Controls/ControlRig_Box_solid.uasset" 682
"../../../Engine/Plugins/Animation/ControlRig/Content/Controls/ControlRig_Box_solid.uexp" 683
"../../../Engine/Plugins/Animation/ControlRig/Content/Controls/ControlRig_Box_3mm.ubulk" 684
"../../../Engine/Plugins/Animation/ControlRig/Content/Controls/ControlRig_Box_3mm.uasset" 685
"../../../Engine/Plugins/Animation/ControlRig/Content/Controls/ControlRig_Box_3mm.uexp" 686
"../../../Engine/Plugins/Animation/ControlRig/Content/Controls/ControlRig_Box_1mm.ubulk" 687
"../../../Engine/Plugins/Animation/ControlRig/Content/Controls/ControlRig_Box_1mm.uasset" 688
"../../../Engine/Plugins/Animation/ControlRig/Content/Controls/ControlRig_Box_1mm.uexp" 689
"../../../Engine/Plugins/Animation/ControlRig/Content/Controls/ControlRig_Arrow_solid.ubulk" 690
"../../../Engine/Plugins/Animation/ControlRig/Content/Controls/ControlRig_Arrow_solid.uasset" 691
"../../../Engine/Plugins/Animation/ControlRig/Content/Controls/ControlRig_Arrow_solid.uexp" 692
"../../../Engine/Plugins/Animation/ControlRig/Content/Controls/ControlRig_Arrow_3mm.ubulk" 693
"../../../Engine/Plugins/Animation/ControlRig/Content/Controls/ControlRig_Arrow_3mm.uasset" 694
"../../../Engine/Plugins/Animation/ControlRig/Content/Controls/ControlRig_Arrow_3mm.uexp" 695
"../../../Engine/Plugins/Animation/ControlRig/Content/Controls/ControlRig_Arrow_1mm.ubulk" 696
"../../../Engine/Plugins/Animation/ControlRig/Content/Controls/ControlRig_Arrow_1mm.uasset" 697
"../../../Engine/Plugins/Animation/ControlRig/Content/Controls/ControlRig_Arrow_1mm.uexp" 698
"../../../Engine/Plugins/Animation/ControlRig/Content/Controls/ControlRig_Arrow4_solid.ubulk" 699
"../../../Engine/Plugins/Animation/ControlRig/Content/Controls/ControlRig_Arrow4_solid.uasset" 700
"../../../Engine/Plugins/Animation/ControlRig/Content/Controls/ControlRig_Arrow4_solid.uexp" 701
"../../../Engine/Plugins/Animation/ControlRig/Content/Controls/ControlRig_Arrow4_3mm.ubulk" 702
"../../../Engine/Plugins/Animation/ControlRig/Content/Controls/ControlRig_Arrow4_3mm.uasset" 703
"../../../Engine/Plugins/Animation/ControlRig/Content/Controls/ControlRig_Arrow4_3mm.uexp" 704
"../../../Engine/Plugins/Animation/ControlRig/Content/Controls/ControlRig_Arrow4_1mm.ubulk" 705
"../../../Engine/Plugins/Animation/ControlRig/Content/Controls/ControlRig_Arrow4_1mm.uasset" 706
"../../../Engine/Plugins/Animation/ControlRig/Content/Controls/ControlRig_Arrow4_1mm.uexp" 707
"../../../Engine/Plugins/Animation/ControlRig/Content/Controls/ControlRig_Arrow2_solid.ubulk" 708
"../../../Engine/Plugins/Animation/ControlRig/Content/Controls/ControlRig_Arrow2_solid.uasset" 709
"../../../Engine/Plugins/Animation/ControlRig/Content/Controls/ControlRig_Arrow2_solid.uexp" 710
"../../../Engine/Plugins/Animation/ControlRig/Content/Controls/ControlRig_Arrow2_3mm.ubulk" 711
"../../../Engine/Plugins/Animation/ControlRig/Content/Controls/ControlRig_Arrow2_3mm.uasset" 712
"../../../Engine/Plugins/Animation/ControlRig/Content/Controls/ControlRig_Arrow2_3mm.uexp" 713
"../../../Engine/Plugins/Animation/ControlRig/Content/Controls/ControlRig_Arrow2_1mm.ubulk" 714
"../../../Engine/Plugins/Animation/ControlRig/Content/Controls/ControlRig_Arrow2_1mm.uasset" 715
"../../../Engine/Plugins/Animation/ControlRig/Content/Controls/ControlRig_Arrow2_1mm.uexp" 716
"../../../Engine/Plugins/Animation/ControlRig/Content/Controls/ControlRigXRayMaterial.uasset" 717
"../../../Engine/Plugins/Animation/ControlRig/Content/Controls/ControlRigXRayMaterial.uexp" 718
"../../../Engine/Plugins/Animation/ControlRig/Content/Controls/ControlRigGizmoMaterial.uasset" 719
"../../../Engine/Plugins/Animation/ControlRig/Content/Controls/ControlRigGizmoMaterial.uexp" 720
"../../../Engine/Plugins/2D/Paper2D/Content/PlaceholderTextures/DummySpriteTexture.ubulk" 721
"../../../Engine/Plugins/2D/Paper2D/Content/PlaceholderTextures/DummySpriteTexture.uasset" 722
"../../../Engine/Plugins/2D/Paper2D/Content/PlaceholderTextures/DummySpriteTexture.uexp" 723
"../../../Engine/Plugins/2D/Paper2D/Content/DefaultSpriteMaterial.uasset" 724
"../../../Engine/Plugins/2D/Paper2D/Content/DefaultSpriteMaterial.uexp" 725
"../../../Engine/Plugins/2D/Paper2D/Content/OpaqueUnlitSpriteMaterial.uasset" 726
"../../../Engine/Plugins/2D/Paper2D/Content/OpaqueUnlitSpriteMaterial.uexp" 727
"../../../Engine/Plugins/2D/Paper2D/Content/MaskedUnlitSpriteMaterial.uasset" 728
"../../../Engine/Plugins/2D/Paper2D/Content/MaskedUnlitSpriteMaterial.uexp" 729
"../../../Engine/Plugins/2D/Paper2D/Content/DummySprite.uasset" 730
"../../../Engine/Plugins/2D/Paper2D/Content/DummySprite.uexp" 731
"../../../Engine/Plugins/2D/Paper2D/Content/DefaultPaperTerrainMaterial.uasset" 732
"../../../Engine/Plugins/2D/Paper2D/Content/DefaultPaperTerrainMaterial.uexp" 733
"../../../Engine/Content/MobileResources/HUD/VirtualJoystick_Background.uasset" 734
"../../../Engine/Content/MobileResources/HUD/VirtualJoystick_Background.uexp" 735
"../../../Engine/Content/MobileResources/HUD/VirtualJoystick_Thumb.uasset" 736
"../../../Engine/Content/MobileResources/HUD/VirtualJoystick_Thumb.uexp" 737
"../../../Engine/Content/MobileResources/HUD/DefaultVirtualJoysticks.uasset" 738
"../../../Engine/Content/MobileResources/HUD/DefaultVirtualJoysticks.uexp" 739
"../../../Engine/Content/Maps/Entry_BuiltData.uasset" 740
"../../../Engine/Content/Maps/Entry_BuiltData.uexp" 741
"../../../Engine/Content/Maps/Entry.uexp" 742
"../../../Engine/Content/Maps/Entry.umap" 743
"C:/Users/sforr/Documents/Unreal Projects/Temple/Content/SuperGrid/StarterPack/Materials/Functions/Basic/Roughness.uasset" 744
"C:/Users/sforr/Documents/Unreal Projects/Temple/Content/SuperGrid/StarterPack/Materials/Functions/Basic/Roughness.uexp" 745
"C:/Users/sforr/Documents/Unreal Projects/Temple/Content/SuperGrid/StarterPack/Source/Textures/T_BasicGrid_M.ubulk" 746
"C:/Users/sforr/Documents/Unreal Projects/Temple/Content/SuperGrid/StarterPack/Source/Textures/T_BasicGrid_M.uasset" 747
"C:/Users/sforr/Documents/Unreal Projects/Temple/Content/SuperGrid/StarterPack/Source/Textures/T_BasicGrid_M.uexp" 748
"C:/Users/sforr/Documents/Unreal Projects/Temple/Content/SuperGrid/StarterPack/Materials/Functions/Texture/Tex_SimpleGrid.uasset" 749
"C:/Users/sforr/Documents/Unreal Projects/Temple/Content/SuperGrid/StarterPack/Materials/Functions/Texture/Tex_SimpleGrid.uexp" 750
"../../../Engine/Content/Functions/Engine_MaterialFunctions02/Utility/Sign.uasset" 751
"../../../Engine/Content/Functions/Engine_MaterialFunctions02/Utility/Sign.uexp" 752
"../../../Engine/Content/Functions/Engine_MaterialFunctions02/Utility/Round.uasset" 753
"../../../Engine/Content/Functions/Engine_MaterialFunctions02/Utility/Round.uexp" 754
"C:/Users/sforr/Documents/Unreal Projects/Temple/Content/SuperGrid/StarterPack/Materials/Functions/Basic/BreakSet.uasset" 755
"C:/Users/sforr/Documents/Unreal Projects/Temple/Content/SuperGrid/StarterPack/Materials/Functions/Basic/BreakSet.uexp" 756
"C:/Users/sforr/Documents/Unreal Projects/Temple/Content/SuperGrid/StarterPack/Materials/Functions/Texture/Dye_SingleColor.uasset" 757
"C:/Users/sforr/Documents/Unreal Projects/Temple/Content/SuperGrid/StarterPack/Materials/Functions/Texture/Dye_SingleColor.uexp" 758
"C:/Users/sforr/Documents/Unreal Projects/Temple/Content/SuperGrid/StarterPack/Materials/Functions/UV/UV_SetupGrid.uasset" 759
"C:/Users/sforr/Documents/Unreal Projects/Temple/Content/SuperGrid/StarterPack/Materials/Functions/UV/UV_SetupGrid.uexp" 760
"C:/Users/sforr/Documents/Unreal Projects/Temple/Content/SuperGrid/StarterPack/Materials/Functions/UV/UV_ObjectScalable.uasset" 761
"C:/Users/sforr/Documents/Unreal Projects/Temple/Content/SuperGrid/StarterPack/Materials/Functions/UV/UV_ObjectScalable.uexp" 762
"C:/Users/sforr/Documents/Unreal Projects/Temple/Content/SuperGrid/StarterPack/Source/Textures/T_BasicGrid_N.ubulk" 763
"C:/Users/sforr/Documents/Unreal Projects/Temple/Content/SuperGrid/StarterPack/Source/Textures/T_BasicGrid_N.uasset" 764
"C:/Users/sforr/Documents/Unreal Projects/Temple/Content/SuperGrid/StarterPack/Source/Textures/T_BasicGrid_N.uexp" 765
"C:/Users/sforr/Documents/Unreal Projects/Temple/Content/SuperGrid/StarterPack/Materials/Functions/Basic/MakeSet.uasset" 766
"C:/Users/sforr/Documents/Unreal Projects/Temple/Content/SuperGrid/StarterPack/Materials/Functions/Basic/MakeSet.uexp" 767
"C:/Users/sforr/Documents/Unreal Projects/Temple/Content/SuperGrid/StarterPack/Materials/Base/M_SuperGrid_SingleColor.uasset" 768
"C:/Users/sforr/Documents/Unreal Projects/Temple/Content/SuperGrid/StarterPack/Materials/Base/M_SuperGrid_SingleColor.uexp" 769
"C:/Users/sforr/Documents/Unreal Projects/Temple/Content/SuperGrid/StarterPack/Materials/Palette/Grids/M_SuperGrid_Default.uasset" 770
"C:/Users/sforr/Documents/Unreal Projects/Temple/Content/SuperGrid/StarterPack/Materials/Palette/Grids/M_SuperGrid_Default.uexp" 771
"C:/Users/sforr/Documents/Unreal Projects/Temple/Content/SuperGrid/StarterPack/Source/Meshes/SuperGrid_Box.ubulk" 772
"C:/Users/sforr/Documents/Unreal Projects/Temple/Content/SuperGrid/StarterPack/Source/Meshes/SuperGrid_Box.uasset" 773
"C:/Users/sforr/Documents/Unreal Projects/Temple/Content/SuperGrid/StarterPack/Source/Meshes/SuperGrid_Box.uexp" 774
"C:/Users/sforr/Documents/Unreal Projects/Temple/Content/SuperGrid/StarterPack/Source/Meshes/SuperGrid_BoxCentered.ubulk" 775
"C:/Users/sforr/Documents/Unreal Projects/Temple/Content/SuperGrid/StarterPack/Source/Meshes/SuperGrid_BoxCentered.uasset" 776
"C:/Users/sforr/Documents/Unreal Projects/Temple/Content/SuperGrid/StarterPack/Source/Meshes/SuperGrid_BoxCentered.uexp" 777
"../../../Engine/Content/EditorBlueprintResources/StandardMacros.uasset" 778
"../../../Engine/Content/EditorBlueprintResources/StandardMacros.uexp" 779
"C:/Users/sforr/Documents/Unreal Projects/Temple/Content/SuperGrid/StarterPack/Blueprints/SuperGrid_DynamicStairs.uasset" 780
"C:/Users/sforr/Documents/Unreal Projects/Temple/Content/SuperGrid/StarterPack/Blueprints/SuperGrid_DynamicStairs.uexp" 781
"../../../Engine/Content/BasicShapes/Cube.ubulk" 782
"../../../Engine/Content/BasicShapes/Cube.uasset" 783
"../../../Engine/Content/BasicShapes/Cube.uexp" 784
"../../../Engine/Content/BasicShapes/Cylinder.ubulk" 785
"../../../Engine/Content/BasicShapes/Cylinder.uasset" 786
"../../../Engine/Content/BasicShapes/Cylinder.uexp" 787
"C:/Users/sforr/Documents/Unreal Projects/Temple/Content/Blueprints/BPI_Reflective.uasset" 788
"C:/Users/sforr/Documents/Unreal Projects/Temple/Content/Blueprints/BPI_Reflective.uexp" 789
"C:/Users/sforr/Documents/Unreal Projects/Temple/Content/StarterContent/Textures/T_Tech_Hex_Tile_M.ubulk" 790
"C:/Users/sforr/Documents/Unreal Projects/Temple/Content/StarterContent/Textures/T_Tech_Hex_Tile_M.uasset" 791
"C:/Users/sforr/Documents/Unreal Projects/Temple/Content/StarterContent/Textures/T_Tech_Hex_Tile_M.uexp" 792
"C:/Users/sforr/Documents/Unreal Projects/Temple/Content/StarterContent/Textures/T_Tech_Hex_Tile_N.ubulk" 793
"C:/Users/sforr/Documents/Unreal Projects/Temple/Content/StarterContent/Textures/T_Tech_Hex_Tile_N.uasset" 794
"C:/Users/sforr/Documents/Unreal Projects/Temple/Content/StarterContent/Textures/T_Tech_Hex_Tile_N.uexp" 795
"C:/Users/sforr/Documents/Unreal Projects/Temple/Content/StarterContent/Textures/T_MacroVariation.uasset" 796
"C:/Users/sforr/Documents/Unreal Projects/Temple/Content/StarterContent/Textures/T_MacroVariation.uexp" 797
"C:/Users/sforr/Documents/Unreal Projects/Temple/Content/StarterContent/Materials/M_Tech_Hex_Tile_Pulse.uasset" 798
"C:/Users/sforr/Documents/Unreal Projects/Temple/Content/StarterContent/Materials/M_Tech_Hex_Tile_Pulse.uexp" 799
"../../../Engine/Content/BasicShapes/BasicShapeMaterial.uasset" 800
"../../../Engine/Content/BasicShapes/BasicShapeMaterial.uexp" 801
"C:/Users/sforr/Documents/Unreal Projects/Temple/Content/Blueprints/BPI_Activatable.uasset" 802
"C:/Users/sforr/Documents/Unreal Projects/Temple/Content/Blueprints/BPI_Activatable.uexp" 803
"C:/Users/sforr/Documents/Unreal Projects/Temple/Content/Blueprints/BP_SpinWall.uasset" 804
"C:/Users/sforr/Documents/Unreal Projects/Temple/Content/Blueprints/BP_SpinWall.uexp" 805
"C:/Users/sforr/Documents/Unreal Projects/Temple/Content/Textures/T_CableAlpha.ubulk" 806
"C:/Users/sforr/Documents/Unreal Projects/Temple/Content/Textures/T_CableAlpha.uasset" 807
"C:/Users/sforr/Documents/Unreal Projects/Temple/Content/Textures/T_CableAlpha.uexp" 808
"C:/Users/sforr/Documents/Unreal Projects/Temple/Content/Materials/M_Cable.uasset" 809
"C:/Users/sforr/Documents/Unreal Projects/Temple/Content/Materials/M_Cable.uexp" 810
"C:/Users/sforr/Documents/Unreal Projects/Temple/Content/Materials/MI_Cable.uasset" 811
"C:/Users/sforr/Documents/Unreal Projects/Temple/Content/Materials/MI_Cable.uexp" 812
"C:/Users/sforr/Documents/Unreal Projects/Temple/Content/Meshes/SM_Cable.ubulk" 813
"C:/Users/sforr/Documents/Unreal Projects/Temple/Content/Meshes/SM_Cable.uasset" 814
"C:/Users/sforr/Documents/Unreal Projects/Temple/Content/Meshes/SM_Cable.uexp" 815
"C:/Users/sforr/Documents/Unreal Projects/Temple/Content/Blueprints/BP_Cable.uasset" 816
"C:/Users/sforr/Documents/Unreal Projects/Temple/Content/Blueprints/BP_Cable.uexp" 817
"C:/Users/sforr/Documents/Unreal Projects/Temple/Content/FirstPerson/HUD/FirstPersonCrosshair.uasset" 818
"C:/Users/sforr/Documents/Unreal Projects/Temple/Content/FirstPerson/HUD/FirstPersonCrosshair.uexp" 819
"C:/Users/sforr/Documents/Unreal Projects/Temple/Content/FirstPerson/HUD/FirstPersonHUD.uasset" 820
"C:/Users/sforr/Documents/Unreal Projects/Temple/Content/FirstPerson/HUD/FirstPersonHUD.uexp" 821
"C:/Users/sforr/Documents/Unreal Projects/Temple/Content/FirstPerson/Input/Actions/IA_Look.uasset" 822
"C:/Users/sforr/Documents/Unreal Projects/Temple/Content/FirstPerson/Input/Actions/IA_Look.uexp" 823
"C:/Users/sforr/Documents/Unreal Projects/Temple/Content/FirstPerson/Input/Actions/IA_Move.uasset" 824
"C:/Users/sforr/Documents/Unreal Projects/Temple/Content/FirstPerson/Input/Actions/IA_Move.uexp" 825
"C:/Users/sforr/Documents/Unreal Projects/Temple/Content/FirstPerson/Input/Actions/IA_Jump.uasset" 826
"C:/Users/sforr/Documents/Unreal Projects/Temple/Content/FirstPerson/Input/Actions/IA_Jump.uexp" 827
"C:/Users/sforr/Documents/Unreal Projects/Temple/Content/FirstPerson/Input/IMC_Default.uasset" 828
"C:/Users/sforr/Documents/Unreal Projects/Temple/Content/FirstPerson/Input/IMC_Default.uexp" 829
"C:/Users/sforr/Documents/Unreal Projects/Temple/Content/Blueprints/BPI_Disintegration.uasset" 830
"C:/Users/sforr/Documents/Unreal Projects/Temple/Content/Blueprints/BPI_Disintegration.uexp" 831
"C:/Users/sforr/Documents/Unreal Projects/Temple/Content/Blueprints/BP_FirstPersonCharacter.uasset" 832
"C:/Users/sforr/Documents/Unreal Projects/Temple/Content/Blueprints/BP_FirstPersonCharacter.uexp" 833
"C:/Users/sforr/Documents/Unreal Projects/Temple/Content/Blueprints/BP_FirstPersonGameMode.uasset" 834
"C:/Users/sforr/Documents/Unreal Projects/Temple/Content/Blueprints/BP_FirstPersonGameMode.uexp" 835
"C:/Users/sforr/Documents/Unreal Projects/Temple/Content/LevelPrototyping/Textures/T_GridChecker_A.ubulk" 836
"C:/Users/sforr/Documents/Unreal Projects/Temple/Content/LevelPrototyping/Textures/T_GridChecker_A.uasset" 837
"C:/Users/sforr/Documents/Unreal Projects/Temple/Content/LevelPrototyping/Textures/T_GridChecker_A.uexp" 838
"../../../Engine/Content/Functions/Engine_MaterialFunctions01/Gradient/LinearGradient.uasset" 839
"../../../Engine/Content/Functions/Engine_MaterialFunctions01/Gradient/LinearGradient.uexp" 840
"../../../Engine/Content/Functions/Engine_MaterialFunctions01/ImageAdjustment/CheapContrast.uasset" 841
"../../../Engine/Content/Functions/Engine_MaterialFunctions01/ImageAdjustment/CheapContrast.uexp" 842
"C:/Users/sforr/Documents/Unreal Projects/Temple/Content/LevelPrototyping/Materials/MF_ProcGrid.uasset" 843
"C:/Users/sforr/Documents/Unreal Projects/Temple/Content/LevelPrototyping/Materials/MF_ProcGrid.uexp" 844
"C:/Users/sforr/Documents/Unreal Projects/Temple/Content/LevelPrototyping/Materials/M_PrototypeGrid.uasset" 845
"C:/Users/sforr/Documents/Unreal Projects/Temple/Content/LevelPrototyping/Materials/M_PrototypeGrid.uexp" 846
"C:/Users/sforr/Documents/Unreal Projects/Temple/Content/LevelPrototyping/Materials/MI_PrototypeGrid_Gray.uasset" 847
"C:/Users/sforr/Documents/Unreal Projects/Temple/Content/LevelPrototyping/Materials/MI_PrototypeGrid_Gray.uexp" 848
"C:/Users/sforr/Documents/Unreal Projects/Temple/Content/LevelPrototyping/Meshes/SM_Cylinder.ubulk" 849
"C:/Users/sforr/Documents/Unreal Projects/Temple/Content/LevelPrototyping/Meshes/SM_Cylinder.uasset" 850
"C:/Users/sforr/Documents/Unreal Projects/Temple/Content/LevelPrototyping/Meshes/SM_Cylinder.uexp" 851
"C:/Users/sforr/Documents/Unreal Projects/Temple/Content/Textures/SmoothNoise.ubulk" 852
"C:/Users/sforr/Documents/Unreal Projects/Temple/Content/Textures/SmoothNoise.uasset" 853
"C:/Users/sforr/Documents/Unreal Projects/Temple/Content/Textures/SmoothNoise.uexp" 854
"../../../Engine/Plugins/Bridge/Content/MSPresets/M_MS_Surface_Material_VT/Functions/MF_Tiling.uasset" 855
"../../../Engine/Plugins/Bridge/Content/MSPresets/M_MS_Surface_Material_VT/Functions/MF_Tiling.uexp" 856
"../../../Engine/Content/Functions/Engine_MaterialFunctions03/ComplexMotion/Motion_4WayChaos.uasset" 857
"../../../Engine/Content/Functions/Engine_MaterialFunctions03/ComplexMotion/Motion_4WayChaos.uexp" 858
"C:/Users/sforr/Documents/Unreal Projects/Temple/Content/Materials/M_TransparentWall.uasset" 859
"C:/Users/sforr/Documents/Unreal Projects/Temple/Content/Materials/M_TransparentWall.uexp" 860
"C:/Users/sforr/Documents/Unreal Projects/Temple/Content/Materials/M_TransparentWallBlue.uasset" 861
"C:/Users/sforr/Documents/Unreal Projects/Temple/Content/Materials/M_TransparentWallBlue.uexp" 862
"C:/Users/sforr/Documents/Unreal Projects/Temple/Content/Blueprints/BP_StoppingWall.uasset" 863
"C:/Users/sforr/Documents/Unreal Projects/Temple/Content/Blueprints/BP_StoppingWall.uexp" 864
"C:/Users/sforr/Documents/Unreal Projects/Temple/Content/StarterContent/Materials/MI_Tech_Hex_Tile_Pulse_Green.uasset" 865
"C:/Users/sforr/Documents/Unreal Projects/Temple/Content/StarterContent/Materials/MI_Tech_Hex_Tile_Pulse_Green.uexp" 866
"C:/Users/sforr/Documents/Unreal Projects/Temple/Content/StarterContent/Materials/M_AssetPlatform.uasset" 867
"C:/Users/sforr/Documents/Unreal Projects/Temple/Content/StarterContent/Materials/M_AssetPlatform.uexp" 868
"C:/Users/sforr/Documents/Unreal Projects/Temple/Content/Blueprints/BP_FloorButton.uasset" 869
"C:/Users/sforr/Documents/Unreal Projects/Temple/Content/Blueprints/BP_FloorButton.uexp" 870
"C:/Users/sforr/Documents/Unreal Projects/Temple/Content/StarterContent/Textures/T_Metal_Gold_N.ubulk" 871
"C:/Users/sforr/Documents/Unreal Projects/Temple/Content/StarterContent/Textures/T_Metal_Gold_N.uasset" 872
"C:/Users/sforr/Documents/Unreal Projects/Temple/Content/StarterContent/Textures/T_Metal_Gold_N.uexp" 873
"C:/Users/sforr/Documents/Unreal Projects/Temple/Content/StarterContent/Textures/T_Metal_Aluminum_D.ubulk" 874
"C:/Users/sforr/Documents/Unreal Projects/Temple/Content/StarterContent/Textures/T_Metal_Aluminum_D.uasset" 875
"C:/Users/sforr/Documents/Unreal Projects/Temple/Content/StarterContent/Textures/T_Metal_Aluminum_D.uexp" 876
"C:/Users/sforr/Documents/Unreal Projects/Temple/Content/StarterContent/Materials/M_Metal_Burnished_Steel.uasset" 877
"C:/Users/sforr/Documents/Unreal Projects/Temple/Content/StarterContent/Materials/M_Metal_Burnished_Steel.uexp" 878
"C:/Users/sforr/Documents/Unreal Projects/Temple/Content/Meshes/SM_ReflectBlock.ubulk" 879
"C:/Users/sforr/Documents/Unreal Projects/Temple/Content/Meshes/SM_ReflectBlock.uasset" 880
"C:/Users/sforr/Documents/Unreal Projects/Temple/Content/Meshes/SM_ReflectBlock.uexp" 881
"../../../Engine/Content/Functions/Engine_MaterialFunctions02/Utility/BlendAngleCorrectedNormals.uasset" 882
"../../../Engine/Content/Functions/Engine_MaterialFunctions02/Utility/BlendAngleCorrectedNormals.uexp" 883
"C:/Users/sforr/Documents/Unreal Projects/Temple/Content/StarterContent/Textures/T_Metal_Rust_N.ubulk" 884
"C:/Users/sforr/Documents/Unreal Projects/Temple/Content/StarterContent/Textures/T_Metal_Rust_N.uasset" 885
"C:/Users/sforr/Documents/Unreal Projects/Temple/Content/StarterContent/Textures/T_Metal_Rust_N.uexp" 886
"C:/Users/sforr/Documents/Unreal Projects/Temple/Content/StarterContent/Textures/T_Metal_Rust_D.ubulk" 887
"C:/Users/sforr/Documents/Unreal Projects/Temple/Content/StarterContent/Textures/T_Metal_Rust_D.uasset" 888
"C:/Users/sforr/Documents/Unreal Projects/Temple/Content/StarterContent/Textures/T_Metal_Rust_D.uexp" 889
"C:/Users/sforr/Documents/Unreal Projects/Temple/Content/StarterContent/Materials/M_Metal_Rust.uasset" 890
"C:/Users/sforr/Documents/Unreal Projects/Temple/Content/StarterContent/Materials/M_Metal_Rust.uexp" 891
"../../../Engine/Content/MapTemplates/TilingNoise05.ubulk" 892
"../../../Engine/Content/MapTemplates/TilingNoise05.uasset" 893
"../../../Engine/Content/MapTemplates/TilingNoise05.uexp" 894
"C:/Users/sforr/Documents/Unreal Projects/Temple/Content/Materials/MF_Dissolve.uasset" 895
"C:/Users/sforr/Documents/Unreal Projects/Temple/Content/Materials/MF_Dissolve.uexp" 896
"C:/Users/sforr/Documents/Unreal Projects/Temple/Content/StarterContent/Materials/MI_Metal_Disintegration.uasset" 897
"C:/Users/sforr/Documents/Unreal Projects/Temple/Content/StarterContent/Materials/MI_Metal_Disintegration.uexp" 898
"C:/Users/sforr/Documents/Unreal Projects/Temple/Content/Blueprints/BP_Cube.uasset" 899
"C:/Users/sforr/Documents/Unreal Projects/Temple/Content/Blueprints/BP_Cube.uexp" 900
"../../../Engine/Content/BasicShapes/Sphere.ubulk" 901
"../../../Engine/Content/BasicShapes/Sphere.uasset" 902
"../../../Engine/Content/BasicShapes/Sphere.uexp" 903
"C:/Users/sforr/Documents/Unreal Projects/Temple/Content/StarterContent/Materials/M_Metal_Laser_Target.uasset" 904
"C:/Users/sforr/Documents/Unreal Projects/Temple/Content/StarterContent/Materials/M_Metal_Laser_Target.uexp" 905
"C:/Users/sforr/Documents/Unreal Projects/Temple/Content/StarterContent/Materials/MI_Metal_Green_Goal.uasset" 906
"C:/Users/sforr/Documents/Unreal Projects/Temple/Content/StarterContent/Materials/MI_Metal_Green_Goal.uexp" 907
"C:/Users/sforr/Documents/Unreal Projects/Temple/Content/Blueprints/BP_GoalSphere.uasset" 908
"C:/Users/sforr/Documents/Unreal Projects/Temple/Content/Blueprints/BP_GoalSphere.uexp" 909
"C:/Users/sforr/Documents/Unreal Projects/Temple/Content/StarterContent/Materials/M_Basic_Floor.uasset" 910
"C:/Users/sforr/Documents/Unreal Projects/Temple/Content/StarterContent/Materials/M_Basic_Floor.uexp" 911
"C:/Users/sforr/Documents/Unreal Projects/Temple/Content/StarterContent/Architecture/Floor_400x400.ubulk" 912
"C:/Users/sforr/Documents/Unreal Projects/Temple/Content/StarterContent/Architecture/Floor_400x400.uasset" 913
"C:/Users/sforr/Documents/Unreal Projects/Temple/Content/StarterContent/Architecture/Floor_400x400.uexp" 914
"C:/Users/sforr/Documents/Unreal Projects/Temple/Content/LevelPrototyping/Meshes/SM_Cube.ubulk" 915
"C:/Users/sforr/Documents/Unreal Projects/Temple/Content/LevelPrototyping/Meshes/SM_Cube.uasset" 916
"C:/Users/sforr/Documents/Unreal Projects/Temple/Content/LevelPrototyping/Meshes/SM_Cube.uexp" 917
"C:/Users/sforr/Documents/Unreal Projects/Temple/Content/Materials/M_Emissive.uasset" 918
"C:/Users/sforr/Documents/Unreal Projects/Temple/Content/Materials/M_Emissive.uexp" 919
"C:/Users/sforr/Documents/Unreal Projects/Temple/Content/Materials/M_Emissive_Inst.uasset" 920
"C:/Users/sforr/Documents/Unreal Projects/Temple/Content/Materials/M_Emissive_Inst.uexp" 921
"C:/Users/sforr/Documents/Unreal Projects/Temple/Content/Meshes/SM_LaserMesh.ubulk" 922
"C:/Users/sforr/Documents/Unreal Projects/Temple/Content/Meshes/SM_LaserMesh.uasset" 923
"C:/Users/sforr/Documents/Unreal Projects/Temple/Content/Meshes/SM_LaserMesh.uexp" 924
"C:/Users/sforr/Documents/Unreal Projects/Temple/Content/Blueprints/BP_LaserCreator.uasset" 925
"C:/Users/sforr/Documents/Unreal Projects/Temple/Content/Blueprints/BP_LaserCreator.uexp" 926
"C:/Users/sforr/Documents/Unreal Projects/Temple/Content/StarterContent/Materials/M_Metal_Disintegration_Inst.uasset" 927
"C:/Users/sforr/Documents/Unreal Projects/Temple/Content/StarterContent/Materials/M_Metal_Disintegration_Inst.uexp" 928
"C:/Users/sforr/Documents/Unreal Projects/Temple/Content/Meshes/SM_ReflectAngle.ubulk" 929
"C:/Users/sforr/Documents/Unreal Projects/Temple/Content/Meshes/SM_ReflectAngle.uasset" 930
"C:/Users/sforr/Documents/Unreal Projects/Temple/Content/Meshes/SM_ReflectAngle.uexp" 931
"C:/Users/sforr/Documents/Unreal Projects/Temple/Content/Blueprints/BP_ReflectiveAngle.uasset" 932
"C:/Users/sforr/Documents/Unreal Projects/Temple/Content/Blueprints/BP_ReflectiveAngle.uexp" 933
"C:/Users/sforr/Documents/Unreal Projects/Temple/Content/Blueprints/BP_ActivatorVolume.uasset" 934
"C:/Users/sforr/Documents/Unreal Projects/Temple/Content/Blueprints/BP_ActivatorVolume.uexp" 935
"C:/Users/sforr/Documents/Unreal Projects/Temple/Content/Blueprints/BP_DestroyItemWall.uasset" 936
"C:/Users/sforr/Documents/Unreal Projects/Temple/Content/Blueprints/BP_DestroyItemWall.uexp" 937
"C:/Users/sforr/Documents/Unreal Projects/Temple/Content/Blueprints/BP_ReflectiveCube.uasset" 938
"C:/Users/sforr/Documents/Unreal Projects/Temple/Content/Blueprints/BP_ReflectiveCube.uexp" 939
"C:/Users/sforr/Documents/Unreal Projects/Temple/Content/Blueprints/BP_Door.uasset" 940
"C:/Users/sforr/Documents/Unreal Projects/Temple/Content/Blueprints/BP_Door.uexp" 941
"C:/Users/sforr/Documents/Unreal Projects/Temple/Content/LevelPrototyping/Meshes/SM_Ramp.ubulk" 942
"C:/Users/sforr/Documents/Unreal Projects/Temple/Content/LevelPrototyping/Meshes/SM_Ramp.uasset" 943
"C:/Users/sforr/Documents/Unreal Projects/Temple/Content/LevelPrototyping/Meshes/SM_Ramp.uexp" 944
"C:/Users/sforr/Documents/Unreal Projects/Temple/Content/Characters/Mannequins/Meshes/SK_Mannequin.uasset" 945
"C:/Users/sforr/Documents/Unreal Projects/Temple/Content/Characters/Mannequins/Meshes/SK_Mannequin.uexp" 946
"C:/Users/sforr/Documents/Unreal Projects/Temple/Content/Characters/Mannequins/Textures/Manny/T_Manny_02_MSR_MSK.ubulk" 947
"C:/Users/sforr/Documents/Unreal Projects/Temple/Content/Characters/Mannequins/Textures/Manny/T_Manny_02_MSR_MSK.uasset" 948
"C:/Users/sforr/Documents/Unreal Projects/Temple/Content/Characters/Mannequins/Textures/Manny/T_Manny_02_MSR_MSK.uexp" 949
"C:/Users/sforr/Documents/Unreal Projects/Temple/Content/Characters/Mannequins/Textures/Manny/T_Manny_02_CCRCCPlastic_MSK.ubulk" 950
"C:/Users/sforr/Documents/Unreal Projects/Temple/Content/Characters/Mannequins/Textures/Manny/T_Manny_02_CCRCCPlastic_MSK.uasset" 951
"C:/Users/sforr/Documents/Unreal Projects/Temple/Content/Characters/Mannequins/Textures/Manny/T_Manny_02_CCRCCPlastic_MSK.uexp" 952
"C:/Users/sforr/Documents/Unreal Projects/Temple/Content/Characters/Mannequins/Textures/Manny/T_Manny_02_Tan.ubulk" 953
"C:/Users/sforr/Documents/Unreal Projects/Temple/Content/Characters/Mannequins/Textures/Manny/T_Manny_02_Tan.uasset" 954
"C:/Users/sforr/Documents/Unreal Projects/Temple/Content/Characters/Mannequins/Textures/Manny/T_Manny_02_Tan.uexp" 955
"C:/Users/sforr/Documents/Unreal Projects/Temple/Content/Characters/Mannequins/Textures/Manny/T_Manny_02_N.ubulk" 956
"C:/Users/sforr/Documents/Unreal Projects/Temple/Content/Characters/Mannequins/Textures/Manny/T_Manny_02_N.uasset" 957
"C:/Users/sforr/Documents/Unreal Projects/Temple/Content/Characters/Mannequins/Textures/Manny/T_Manny_02_N.uexp" 958
"C:/Users/sforr/Documents/Unreal Projects/Temple/Content/Characters/Mannequins/Textures/Manny/T_Manny_01_N.ubulk" 959
"C:/Users/sforr/Documents/Unreal Projects/Temple/Content/Characters/Mannequins/Textures/Manny/T_Manny_01_N.uasset" 960
"C:/Users/sforr/Documents/Unreal Projects/Temple/Content/Characters/Mannequins/Textures/Manny/T_Manny_01_N.uexp" 961
"C:/Users/sforr/Documents/Unreal Projects/Temple/Content/Characters/Mannequins/Materials/Functions/ChromaticCurve.uasset" 962
"C:/Users/sforr/Documents/Unreal Projects/Temple/Content/Characters/Mannequins/Materials/Functions/ChromaticCurve.uexp" 963
"C:/Users/sforr/Documents/Unreal Projects/Temple/Content/Characters/Mannequins/Materials/Functions/CA_Mannequin.uasset" 964
"C:/Users/sforr/Documents/Unreal Projects/Temple/Content/Characters/Mannequins/Materials/Functions/CA_Mannequin.uexp" 965
"C:/Users/sforr/Documents/Unreal Projects/Temple/Content/Characters/Mannequins/Materials/Functions/MF_Diffraction.uasset" 966
"C:/Users/sforr/Documents/Unreal Projects/Temple/Content/Characters/Mannequins/Materials/Functions/MF_Diffraction.uexp" 967
"C:/Users/sforr/Documents/Unreal Projects/Temple/Content/Characters/Mannequins/Materials/Functions/ML_BaseColorFallOff.uasset" 968
"C:/Users/sforr/Documents/Unreal Projects/Temple/Content/Characters/Mannequins/Materials/Functions/ML_BaseColorFallOff.uexp" 969
"../../../Engine/Content/Functions/Engine_MaterialFunctions01/Texturing/ScaleUVsByCenter.uasset" 970
"../../../Engine/Content/Functions/Engine_MaterialFunctions01/Texturing/ScaleUVsByCenter.uexp" 971
"C:/Users/sforr/Documents/Unreal Projects/Temple/Content/Characters/Mannequins/Textures/Shared/T_UE_Logo_M.uasset" 972
"C:/Users/sforr/Documents/Unreal Projects/Temple/Content/Characters/Mannequins/Textures/Shared/T_UE_Logo_M.uexp" 973
"C:/Users/sforr/Documents/Unreal Projects/Temple/Content/Characters/Mannequins/Materials/Functions/MF_logo3layers.uasset" 974
"C:/Users/sforr/Documents/Unreal Projects/Temple/Content/Characters/Mannequins/Materials/Functions/MF_logo3layers.uexp" 975
"C:/Users/sforr/Documents/Unreal Projects/Temple/Content/Characters/Mannequins/Textures/Manny/T_Manny_01_CCRCCPlastic_MSK.ubulk" 976
"C:/Users/sforr/Documents/Unreal Projects/Temple/Content/Characters/Mannequins/Textures/Manny/T_Manny_01_CCRCCPlastic_MSK.uasset" 977
"C:/Users/sforr/Documents/Unreal Projects/Temple/Content/Characters/Mannequins/Textures/Manny/T_Manny_01_CCRCCPlastic_MSK.uexp" 978
"C:/Users/sforr/Documents/Unreal Projects/Temple/Content/Characters/Mannequins/Textures/Manny/T_Manny_01_ASAOPMASK_MSK.ubulk" 979
"C:/Users/sforr/Documents/Unreal Projects/Temple/Content/Characters/Mannequins/Textures/Manny/T_Manny_01_ASAOPMASK_MSK.uasset" 980
"C:/Users/sforr/Documents/Unreal Projects/Temple/Content/Characters/Mannequins/Textures/Manny/T_Manny_01_ASAOPMASK_MSK.uexp" 981
"C:/Users/sforr/Documents/Unreal Projects/Temple/Content/Characters/Mannequins/Textures/Manny/T_Manny_01_MSR_MSK.ubulk" 982
"C:/Users/sforr/Documents/Unreal Projects/Temple/Content/Characters/Mannequins/Textures/Manny/T_Manny_01_MSR_MSK.uasset" 983
"C:/Users/sforr/Documents/Unreal Projects/Temple/Content/Characters/Mannequins/Textures/Manny/T_Manny_01_MSR_MSK.uexp" 984
"C:/Users/sforr/Documents/Unreal Projects/Temple/Content/Characters/Mannequins/Textures/Manny/T_Manny_01_BN.ubulk" 985
"C:/Users/sforr/Documents/Unreal Projects/Temple/Content/Characters/Mannequins/Textures/Manny/T_Manny_01_BN.uasset" 986
"C:/Users/sforr/Documents/Unreal Projects/Temple/Content/Characters/Mannequins/Textures/Manny/T_Manny_01_BN.uexp" 987
"C:/Users/sforr/Documents/Unreal Projects/Temple/Content/Characters/Mannequins/Textures/Manny/T_Manny_01_D.ubulk" 988
"C:/Users/sforr/Documents/Unreal Projects/Temple/Content/Characters/Mannequins/Textures/Manny/T_Manny_01_D.uasset" 989
"C:/Users/sforr/Documents/Unreal Projects/Temple/Content/Characters/Mannequins/Textures/Manny/T_Manny_01_D.uexp" 990
"C:/Users/sforr/Documents/Unreal Projects/Temple/Content/Characters/Mannequins/Textures/Manny/T_Manny_01_Tan.ubulk" 991
"C:/Users/sforr/Documents/Unreal Projects/Temple/Content/Characters/Mannequins/Textures/Manny/T_Manny_01_Tan.uasset" 992
"C:/Users/sforr/Documents/Unreal Projects/Temple/Content/Characters/Mannequins/Textures/Manny/T_Manny_01_Tan.uexp" 993
"C:/Users/sforr/Documents/Unreal Projects/Temple/Content/Characters/Mannequins/Materials/M_Mannequin.uasset" 994
"C:/Users/sforr/Documents/Unreal Projects/Temple/Content/Characters/Mannequins/Materials/M_Mannequin.uexp" 995
"C:/Users/sforr/Documents/Unreal Projects/Temple/Content/Characters/Mannequins/Materials/Instances/Manny/MI_Manny_01.uasset" 996
"C:/Users/sforr/Documents/Unreal Projects/Temple/Content/Characters/Mannequins/Materials/Instances/Manny/MI_Manny_01.uexp" 997
"C:/Users/sforr/Documents/Unreal Projects/Temple/Content/Characters/Mannequins/Textures/Manny/T_Manny_02_BN.ubulk" 998
"C:/Users/sforr/Documents/Unreal Projects/Temple/Content/Characters/Mannequins/Textures/Manny/T_Manny_02_BN.uasset" 999
"C:/Users/sforr/Documents/Unreal Projects/Temple/Content/Characters/Mannequins/Textures/Manny/T_Manny_02_BN.uexp" 1000
"C:/Users/sforr/Documents/Unreal Projects/Temple/Content/Characters/Mannequins/Textures/Manny/T_Manny_02_ASAOPMASK_MSK.ubulk" 1001
"C:/Users/sforr/Documents/Unreal Projects/Temple/Content/Characters/Mannequins/Textures/Manny/T_Manny_02_ASAOPMASK_MSK.uasset" 1002
"C:/Users/sforr/Documents/Unreal Projects/Temple/Content/Characters/Mannequins/Textures/Manny/T_Manny_02_ASAOPMASK_MSK.uexp" 1003
"C:/Users/sforr/Documents/Unreal Projects/Temple/Content/Characters/Mannequins/Textures/Manny/T_Manny_02_D.ubulk" 1004
"C:/Users/sforr/Documents/Unreal Projects/Temple/Content/Characters/Mannequins/Textures/Manny/T_Manny_02_D.uasset" 1005
"C:/Users/sforr/Documents/Unreal Projects/Temple/Content/Characters/Mannequins/Textures/Manny/T_Manny_02_D.uexp" 1006
"C:/Users/sforr/Documents/Unreal Projects/Temple/Content/Characters/Mannequins/Materials/Instances/Manny/MI_Manny_02.uasset" 1007
"C:/Users/sforr/Documents/Unreal Projects/Temple/Content/Characters/Mannequins/Materials/Instances/Manny/MI_Manny_02.uexp" 1008
"C:/Users/sforr/Documents/Unreal Projects/Temple/Content/Characters/Mannequins/Rigs/PA_Mannequin.uasset" 1009
"C:/Users/sforr/Documents/Unreal Projects/Temple/Content/Characters/Mannequins/Rigs/PA_Mannequin.uexp" 1010
"C:/Users/sforr/Documents/Unreal Projects/Temple/Content/Characters/Mannequins/Meshes/SKM_Manny_Simple.uasset" 1011
"C:/Users/sforr/Documents/Unreal Projects/Temple/Content/Characters/Mannequins/Meshes/SKM_Manny_Simple.uexp" 1012
"C:/Users/sforr/Documents/Unreal Projects/Temple/Content/Maps/GameMap.uexp" 1013
"C:/Users/sforr/Documents/Unreal Projects/Temple/Content/Maps/GameMap.umap" 1014
